2023-12-25 23:43:37,548 - INFO - Scraping all Games Initiated 
2023-12-25 23:43:39,467 - INFO - Scraped Premier League
2023-12-25 23:43:40,504 - INFO - Scraped 2nd Division
2023-12-25 23:43:41,622 - INFO - Scraped Supercup
2023-12-25 23:43:42,708 - INFO - Scraped Kategoria Superiore
2023-12-25 23:43:44,219 - INFO - Scraped I-League
2023-12-25 23:43:46,710 - INFO - Scraped Indian Super League
2023-12-25 23:43:53,670 - INFO - Scraped Eredivisie
2023-12-25 23:43:55,485 - INFO - Scraped Premier Soccer League
2023-12-25 23:44:01,227 - INFO - Scraped Serie B
2023-12-25 23:44:04,230 - INFO - Scraped Coppa Italia
2023-12-25 23:44:14,655 - INFO - Scraped Serie A
2023-12-25 23:44:15,909 - INFO - Scraped Liga Alef
2023-12-25 23:44:17,304 - INFO - Scraped National League
2023-12-25 23:44:21,842 - INFO - Scraped Premier League
2023-12-25 23:44:27,733 - INFO - Scraped Saudi Prof. League
2023-12-25 23:44:28,816 - INFO - Scraped Division 2
2023-12-25 23:44:31,391 - INFO - Scraped Division 1
2023-12-25 23:44:32,529 - INFO - Scraped U19 League
2023-12-25 23:44:40,780 - INFO - Scraped LaLiga
2023-12-25 23:44:50,496 - INFO - Scraped League Two
2023-12-25 23:45:01,400 - INFO - Scraped League One
2023-12-25 23:45:02,508 - INFO - Scraped FA Trophy
2023-12-25 23:45:08,612 - INFO - Scraped National League
2023-12-25 23:45:15,815 - INFO - Scraped National League North
2023-12-25 23:45:25,111 - INFO - Scraped Premier League
2023-12-25 23:45:31,567 - INFO - Scraped National League South
2023-12-25 23:45:40,881 - INFO - Scraped FA Cup
2023-12-25 23:45:51,531 - INFO - Scraped Championship
2023-12-25 23:45:53,417 - INFO - Scraped EFL Cup
2023-12-25 23:45:54,718 - INFO - Scraped 1. Lig
2023-12-25 23:45:56,040 - INFO - Scraped 2. Lig
2023-12-25 23:45:57,647 - INFO - Scraped Super Cup
2023-12-25 23:45:58,814 - INFO - Scraped Super Lig
2023-12-25 23:46:03,773 - INFO - Scraped Ligue 1
2023-12-25 23:46:05,277 - INFO - Scraped Trophee des Champions
2023-12-25 23:46:06,896 - INFO - Scraped Botola
2023-12-25 23:46:08,515 - INFO - Scraped Premier League
2023-12-25 23:46:13,094 - INFO - Scraped Pro League
2023-12-25 23:46:15,041 - INFO - Scraped Thai League 1
2023-12-25 23:46:16,428 - INFO - Scraped Thai League 2
2023-12-25 23:46:19,923 - INFO - Scraped Ligue 1
2023-12-25 23:46:25,852 - INFO - Scraped A-League
2023-12-25 23:46:28,844 - INFO - Scraped A-League, Women
2023-12-25 23:46:33,902 - INFO - Scraped Primera Division, Clausura
2023-12-25 23:46:35,390 - INFO - Scraped Greece Cup
2023-12-25 23:46:43,291 - INFO - Scraped Super League 1
2023-12-25 23:46:44,346 - INFO - Scraped OFB Cup
2023-12-25 23:46:48,555 - INFO - Scraped Bundesliga
2023-12-25 23:46:50,323 - INFO - Scraped Super League
2023-12-25 23:46:53,918 - INFO - Scraped Liga Portugal 2
2023-12-25 23:46:57,945 - INFO - Scraped Liga Portugal
2023-12-25 23:46:59,167 - INFO - Scraped Arabian Gulf League
2023-12-25 23:47:00,185 - INFO - Scraped U21 League
2023-12-25 23:47:08,460 - INFO - Scraped Bundesliga
2023-12-25 23:47:11,178 - INFO - Scraped 2nd Bundesliga
2023-12-25 23:47:12,282 - INFO - Scraped DFB Pokal
2023-12-25 23:47:13,316 - INFO - Scraped betPawa Premier League
2023-12-25 23:47:16,747 - INFO - Scraped Cymru Premier
2023-12-25 23:47:19,315 - INFO - Scraped V-League
2023-12-25 23:47:20,449 - INFO - Scraped Premier League
2023-12-25 23:47:21,475 - INFO - Scraped Premier League
2023-12-25 23:47:27,491 - INFO - Scraped Africa Cup of Nations
2023-12-25 23:47:32,214 - INFO - Scraped Euro Cup
2023-12-25 23:47:37,616 - INFO - Scraped Copa America
2023-12-25 23:47:44,886 - INFO - Scraped AFC Asian Cup
2023-12-25 23:47:46,645 - INFO - Scraped Int. Friendly Games
2023-12-25 23:47:51,044 - INFO - Scraped UEFA Champions League
2023-12-25 23:47:55,550 - INFO - Scraped UEFA Europa League
2023-12-25 23:47:59,275 - INFO - Scraped European Championship Qualification
2023-12-25 23:48:03,582 - INFO - Scraped UEFA Europa Conference League
2023-12-25 23:48:04,783 - INFO - Scraped Premier League
2023-12-25 23:48:05,832 - INFO - Scraped Pro League
2023-12-25 23:48:10,428 - INFO - Scraped Premier League
2023-12-25 23:48:13,666 - INFO - Scraped Championship
2023-12-25 23:48:19,315 - INFO - Scraped Premiership
2023-12-25 23:48:22,407 - INFO - Scraped League 1
2023-12-25 23:48:25,651 - INFO - Scraped League 2
2023-12-25 23:48:29,880 - INFO - Scraped Premiership
2023-12-25 23:48:33,387 - INFO - Scraped Championship
2023-12-25 23:48:34,945 - INFO - Scraped First Division
2023-12-25 23:48:35,979 - INFO - Scraped Premier League
2023-12-25 23:48:37,066 - INFO - Scraped Second Division
2023-12-25 23:48:37,807 - INFO - Successfully Scraped and Saved betpawa football
2023-12-25 23:48:38,975 - INFO - Scraped A1
2023-12-25 23:48:40,187 - INFO - Scraped KBL
2023-12-25 23:48:41,243 - INFO - Scraped WKBL
2023-12-25 23:48:42,282 - INFO - Scraped Superliga
2023-12-25 23:48:43,438 - INFO - Scraped Super League
2023-12-25 23:48:44,519 - INFO - Scraped BBL
2023-12-25 23:48:45,508 - INFO - Scraped Hanoi Basketball Championship
2023-12-25 23:48:46,565 - INFO - Scraped NCAA, Regular Season
2023-12-25 23:48:48,035 - INFO - Scraped NBA
2023-12-25 23:48:49,100 - INFO - Scraped PBA, Commissioner Cup
2023-12-25 23:48:50,255 - INFO - Scraped United League
2023-12-25 23:48:51,274 - INFO - Scraped Liga ABA
2023-12-25 23:48:52,276 - INFO - Scraped BBL
2023-12-25 23:48:53,308 - INFO - Scraped 1. Lig
2023-12-25 23:48:54,494 - INFO - Scraped Super Lig
2023-12-25 23:48:55,549 - INFO - Scraped TB2L
2023-12-25 23:48:56,596 - INFO - Scraped Super Lig, Women
2023-12-25 23:48:57,745 - INFO - Scraped PLK
2023-12-25 23:48:59,070 - INFO - Scraped Pro A
2023-12-25 23:49:00,103 - INFO - Scraped WCBA
2023-12-25 23:49:01,105 - INFO - Scraped CBA
2023-12-25 23:49:02,146 - INFO - Scraped KLS
2023-12-25 23:49:03,179 - INFO - Scraped NBL
2023-12-25 23:49:04,183 - INFO - Scraped 1st Division
2023-12-25 23:49:04,213 - INFO - Successfully Scraped and Saved betpawa basketball
2023-12-25 23:49:04,213 - INFO - SUCCESSFULLY SCRAPED betpawa
2023-12-25 23:49:14,771 - INFO - Scraped Premier League
2023-12-25 23:49:24,331 - INFO - Scraped FA Cup
2023-12-25 23:49:27,643 - INFO - Scraped League Cup
2023-12-25 23:49:37,644 - INFO - Scraped Championship
2023-12-25 23:49:47,561 - INFO - Scraped League One
2023-12-25 23:49:58,889 - INFO - Scraped League Two
2023-12-25 23:50:03,853 - INFO - Scraped DFB Pokal
2023-12-25 23:50:14,694 - INFO - Scraped Bundesliga
2023-12-25 23:50:24,379 - INFO - Scraped Premier League
2023-12-25 23:50:34,986 - INFO - Scraped Serie A
2023-12-25 23:50:42,031 - INFO - Scraped Serie B
2023-12-25 23:50:46,780 - INFO - Scraped Italia
2023-12-25 23:50:56,657 - INFO - Scraped La Liga
2023-12-25 23:51:03,836 - INFO - Scraped Segunda Division
2023-12-25 23:51:10,032 - INFO - Scraped Ligue 1
2023-12-25 23:51:15,903 - INFO - Scraped Ligue 2
2023-12-25 23:51:21,332 - INFO - Scraped Champions League
2023-12-25 23:51:26,688 - INFO - Scraped Europa League
2023-12-25 23:51:31,325 - INFO - Scraped Championship. Women
2023-12-25 23:51:38,776 - INFO - Scraped A League
2023-12-25 23:51:49,637 - INFO - Scraped Premier League
2023-12-25 23:51:57,305 - INFO - Scraped Premier League
2023-12-25 23:52:01,581 - INFO - Scraped Championship
2023-12-25 23:52:05,789 - INFO - Scraped League One
2023-12-25 23:52:10,156 - INFO - Scraped League Two
2023-12-25 23:52:16,966 - INFO - Scraped Arabia. Saudi Professional League
2023-12-25 23:52:21,106 - INFO - Scraped Arabia. Division 1
2023-12-25 23:52:31,521 - INFO - Scraped Premier League
2023-12-25 23:52:41,783 - INFO - Scraped Serie A
2023-12-25 23:53:09,777 - INFO - Scraped First Division
2023-12-25 23:53:14,976 - INFO - Scraped Premier League
2023-12-25 23:53:25,721 - INFO - Scraped Serie A
2023-12-25 23:53:35,622 - INFO - Scraped Serie A
2023-12-25 23:53:45,461 - INFO - Scraped Premier League
2023-12-25 23:53:48,197 - INFO - Scraped Cup of Nations
2023-12-25 23:53:48,620 - INFO - Successfully Scraped and Saved 22bet football
2023-12-25 23:53:55,248 - INFO - Scraped NBA
2023-12-25 23:54:04,521 - INFO - Scraped Euroleague
2023-12-25 23:54:14,373 - INFO - Scraped Euroleague
2023-12-25 23:54:17,486 - INFO - Scraped NBL
2023-12-25 23:54:20,365 - INFO - Scraped WNBL
2023-12-25 23:54:23,421 - INFO - Scraped Championship
2023-12-25 23:54:27,106 - INFO - Scraped Championship. Women
2023-12-25 23:54:36,529 - INFO - Scraped Euroleague
2023-12-25 23:54:41,130 - INFO - Scraped SuperLeague
2023-12-25 23:54:46,926 - INFO - Scraped Euroleague
2023-12-25 23:54:56,146 - INFO - Scraped Euroleague
2023-12-25 23:55:05,446 - INFO - Scraped Euroleague
2023-12-25 23:55:14,652 - INFO - Scraped Euroleague
2023-12-25 23:55:23,779 - INFO - Scraped Euroleague
2023-12-25 23:55:32,966 - INFO - Scraped Euroleague
2023-12-25 23:55:42,125 - INFO - Scraped Euroleague
2023-12-25 23:55:51,692 - INFO - Scraped Euroleague
2023-12-25 23:55:51,746 - INFO - Successfully Scraped and Saved 22bet basketball
2023-12-25 23:56:00,769 - INFO - Scraped University League
2023-12-25 23:56:09,823 - INFO - Scraped University League
2023-12-25 23:56:09,885 - INFO - Successfully Scraped and Saved 22bet volleyball
2023-12-25 23:56:19,034 - INFO - Scraped Navi Mumbai. Women. Doubles
2023-12-25 23:56:28,151 - INFO - Scraped Navi Mumbai. Women. Doubles
2023-12-25 23:56:37,437 - INFO - Scraped Navi Mumbai. Women. Doubles
2023-12-25 23:56:47,308 - INFO - Scraped Navi Mumbai. Women. Doubles
2023-12-25 23:56:56,295 - INFO - Scraped Navi Mumbai. Women. Doubles
2023-12-25 23:57:05,373 - INFO - Scraped Navi Mumbai. Women. Doubles
2023-12-25 23:57:14,390 - INFO - Scraped Navi Mumbai. Women. Doubles
2023-12-25 23:57:14,405 - INFO - Successfully Scraped and Saved 22bet tennis
2023-12-25 23:57:23,877 - INFO - Scraped World Championship
2023-12-25 23:57:33,065 - INFO - Scraped World Championship
2023-12-25 23:57:42,399 - INFO - Scraped World Championship
2023-12-25 23:57:51,667 - INFO - Scraped World Championship
2023-12-25 23:57:51,667 - INFO - Successfully Scraped and Saved 22bet darts
2023-12-25 23:57:56,043 - INFO - Scraped Republic. Chance Liga
2023-12-25 23:58:00,726 - INFO - Scraped Republic. Extraliga
2023-12-25 23:58:10,016 - INFO - Scraped NHL
2023-12-25 23:58:19,511 - INFO - Scraped NHL
2023-12-25 23:58:26,467 - INFO - Scraped Elite League
2023-12-25 23:58:35,739 - INFO - Scraped NHL
2023-12-25 23:58:40,511 - INFO - Scraped 2. Bundesliga
2023-12-25 23:58:45,691 - INFO - Scraped DEL
2023-12-25 23:58:49,973 - INFO - Scraped VHL
2023-12-25 23:58:52,647 - INFO - Scraped Hockey League
2023-12-25 23:58:56,372 - INFO - Scraped Championship. NMHL
2023-12-25 23:59:05,525 - INFO - Scraped NHL
2023-12-25 23:59:14,910 - INFO - Scraped NHL
2023-12-25 23:59:19,704 - INFO - Scraped Allsvenskan
2023-12-25 23:59:29,051 - INFO - Scraped NHL
2023-12-25 23:59:36,251 - INFO - Scraped Elitserien
2023-12-25 23:59:46,085 - INFO - Scraped NHL
2023-12-25 23:59:51,883 - INFO - Scraped AHL
2023-12-25 23:59:52,010 - INFO - Successfully Scraped and Saved 22bet icehockey
2023-12-25 23:59:54,588 - ERROR - Error getting games for GT-SPORTS, URL: https://22bet.ng/LiveFeed/Get1x2_VZip?sports=1&champs=2635576&count=20&lng=en&gr=412&mode=4&country=132&partner=159&getEmpty=true&virtualSports=true&menuSection=1%7C9&noFilterBlockEvent=true, Error: Unexpected UTF-8 BOM (decode using utf-8-sig): line 1 column 1 (char 0)
Traceback (most recent call last):
  File "C:\Users\mofe\AppData\Local\Programs\Python\Python311\Lib\site-packages\requests\models.py", line 971, in json
    return complexjson.loads(self.text, **kwargs)
           ^^^^^^^^^^^^^^^^^^^^^^^^^^^^^^^^^^^^^^
  File "C:\Users\mofe\AppData\Local\Programs\Python\Python311\Lib\json\__init__.py", line 335, in loads
    raise JSONDecodeError("Unexpected UTF-8 BOM (decode using utf-8-sig)",
json.decoder.JSONDecodeError: Unexpected UTF-8 BOM (decode using utf-8-sig): line 1 column 1 (char 0)

During handling of the above exception, another exception occurred:

Traceback (most recent call last):
  File "C:\Users\mofe\my_projects\WagerBrain\engine\bookie_models\bet22_model.py", line 63, in Get_games
    markets = bet22.get_games_market(games_id, bet22.headers)
              ^^^^^^^^^^^^^^^^^^^^^^^^^^^^^^^^^^^^^^^^^^^^^^^
  File "C:\Users\mofe\my_projects\WagerBrain\engine\bookie_models\bet22_model.py", line 102, in get_games_market
    markets.append(response.json())
                   ^^^^^^^^^^^^^^^
  File "C:\Users\mofe\AppData\Local\Programs\Python\Python311\Lib\site-packages\requests\models.py", line 975, in json
    raise RequestsJSONDecodeError(e.msg, e.doc, e.pos)
requests.exceptions.JSONDecodeError: Unexpected UTF-8 BOM (decode using utf-8-sig): line 1 column 1 (char 0)
2023-12-25 23:59:54,742 - INFO - Successfully Scraped and Saved 22bet esoccer
2023-12-25 23:59:54,742 - INFO - SUCCESSFULLY SCRAPED 22bet
2023-12-25 23:59:56,129 - INFO - Scraping Rwanda football
2023-12-25 23:59:57,580 - INFO - Scraping Mexico football
2023-12-25 23:59:58,882 - INFO - Scraping Switzerland football
2023-12-26 00:00:00,269 - INFO - Scraping Switzerland football
2023-12-26 00:00:01,573 - INFO - Scraping Chile football
2023-12-26 00:00:02,937 - INFO - Scraping Romania football
2023-12-26 00:00:04,317 - INFO - Scraping Northern Ireland football
2023-12-26 00:00:05,710 - INFO - Scraping Jordan football
2023-12-26 00:00:07,005 - INFO - Scraping Jordan football
2023-12-26 00:00:08,316 - INFO - Scraping Qatar football
2023-12-26 00:00:09,597 - INFO - Scraping Slovakia football
2023-12-26 00:00:11,012 - INFO - Scraping Gambia football
2023-12-26 00:00:12,408 - INFO - Scraping Angola football
2023-12-26 00:00:13,812 - INFO - Scraping International football
2023-12-26 00:00:15,097 - INFO - Scraping Kenya football
2023-12-26 00:00:16,544 - INFO - Scraping Australia football
2023-12-26 00:00:17,925 - INFO - Scraping Australia football
2023-12-26 00:00:19,379 - INFO - Scraping India football
2023-12-26 00:00:20,804 - INFO - Scraping India football
2023-12-26 00:00:22,310 - INFO - Scraping Colombia football
2023-12-26 00:00:23,755 - INFO - Scraping Croatia football
2023-12-26 00:00:25,173 - INFO - Scraping Uganda football
2023-12-26 00:00:26,635 - INFO - Scraping Tunisia football
2023-12-26 00:00:28,115 - INFO - Scraping Cameroon football
2023-12-26 00:00:29,726 - INFO - Scraping Greece football
2023-12-26 00:00:31,165 - INFO - Scraping Greece football
2023-12-26 00:00:32,681 - INFO - Scraping Greece football
2023-12-26 00:00:34,120 - INFO - Scraping Greece football
2023-12-26 00:00:35,901 - INFO - Scraping Greece football
2023-12-26 00:00:37,169 - INFO - Scraping Israel football
2023-12-26 00:00:38,759 - INFO - Scraping Israel football
2023-12-26 00:00:40,121 - INFO - Scraping Israel football
2023-12-26 00:00:41,475 - INFO - Scraping Algeria football
2023-12-26 00:00:42,831 - INFO - Scraping Algeria football
2023-12-26 00:00:44,163 - INFO - Scraping Ethiopia football
2023-12-26 00:00:45,712 - INFO - Scraping Germany football
2023-12-26 00:00:47,068 - INFO - Scraping Germany football
2023-12-26 00:00:48,685 - INFO - Scraping Germany football
2023-12-26 00:00:50,046 - INFO - Scraping Germany football
2023-12-26 00:00:51,481 - INFO - Scraping Germany football
2023-12-26 00:00:52,904 - INFO - Scraping Germany football
2023-12-26 00:00:54,243 - INFO - Scraping Germany football
2023-12-26 00:00:55,592 - INFO - Scraping Thailand football
2023-12-26 00:00:57,126 - INFO - Scraping Netherlands football
2023-12-26 00:00:58,482 - INFO - Scraping Netherlands football
2023-12-26 00:00:59,818 - INFO - Scraping Netherlands football
2023-12-26 00:01:01,158 - INFO - Scraping Bahrain football
2023-12-26 00:01:02,512 - INFO - Scraping Indonesia football
2023-12-26 00:01:03,840 - INFO - Scraping International Youth football
2023-12-26 00:01:05,221 - INFO - Scraping International Youth football
2023-12-26 00:01:06,481 - INFO - Scraping Malta football
2023-12-26 00:01:07,798 - INFO - Scraping Malta football
2023-12-26 00:01:09,131 - INFO - Scraping Slovenia football
2023-12-26 00:01:10,447 - INFO - Scraping Ecuador football
2023-12-26 00:01:11,770 - INFO - Scraping Denmark football
2023-12-26 00:01:13,169 - INFO - Scraping Serbia football
2023-12-26 00:01:14,498 - INFO - Scraping Serbia football
2023-12-26 00:01:15,860 - INFO - Scraping Kuwait football
2023-12-26 00:01:17,240 - INFO - Scraping Bolivia football
2023-12-26 00:01:18,573 - INFO - Scraping Simulated Reality League football
2023-12-26 00:01:19,828 - INFO - Scraping Simulated Reality League football
2023-12-26 00:01:21,140 - INFO - Scraping Scotland football
2023-12-26 00:01:22,429 - INFO - Scraping Scotland football
2023-12-26 00:01:23,786 - INFO - Scraping Scotland football
2023-12-26 00:01:25,085 - INFO - Scraping Scotland football
2023-12-26 00:01:26,439 - INFO - Scraping Scotland football
2023-12-26 00:01:27,734 - INFO - Scraping Botswana football
2023-12-26 00:01:29,063 - INFO - Scraping Hungary football
2023-12-26 00:01:30,384 - INFO - Scraping Spain football
2023-12-26 00:01:31,767 - INFO - Scraping Spain football
2023-12-26 00:01:33,193 - INFO - Scraping Spain football
2023-12-26 00:01:34,457 - INFO - Scraping Spain football
2023-12-26 00:01:35,774 - INFO - Scraping Spain football
2023-12-26 00:01:37,143 - INFO - Scraping Spain football
2023-12-26 00:01:38,559 - INFO - Scraping Spain football
2023-12-26 00:01:39,648 - INFO - Scraping Iran football
2023-12-26 00:01:41,150 - INFO - Scraping France football
2023-12-26 00:01:42,251 - INFO - Scraping France football
2023-12-26 00:01:43,419 - INFO - Scraping France football
2023-12-26 00:01:44,606 - INFO - Scraping France football
2023-12-26 00:01:46,003 - INFO - Scraping France football
2023-12-26 00:01:47,287 - INFO - Scraping United Arab Emirates football
2023-12-26 00:01:48,515 - INFO - Scraping Luxembourg football
2023-12-26 00:01:49,910 - INFO - Scraping Poland football
2023-12-26 00:01:51,073 - INFO - Scraping Poland football
2023-12-26 00:01:52,410 - INFO - Scraping Bulgaria football
2023-12-26 00:01:53,616 - INFO - Scraping Bulgaria football
2023-12-26 00:01:54,834 - INFO - Scraping Ivory Coast football
2023-12-26 00:01:56,151 - INFO - Scraping Czech Republic football
2023-12-26 00:01:57,236 - INFO - Scraping South Africa football
2023-12-26 00:01:58,436 - INFO - Scraping Uruguay football
2023-12-26 00:01:59,785 - INFO - Scraping Wales football
2023-12-26 00:02:01,104 - INFO - Scraping International Clubs football
2023-12-26 00:02:02,466 - INFO - Scraping International Clubs football
2023-12-26 00:02:03,846 - INFO - Scraping International Clubs football
2023-12-26 00:02:05,261 - INFO - Scraping International Clubs football
2023-12-26 00:02:06,710 - INFO - Scraping International Clubs football
2023-12-26 00:02:08,036 - INFO - Scraping International Clubs football
2023-12-26 00:02:09,405 - INFO - Scraping Egypt football
2023-12-26 00:02:10,737 - INFO - Scraping Egypt football
2023-12-26 00:02:12,118 - INFO - Scraping Italy football
2023-12-26 00:02:13,474 - INFO - Scraping Italy football
2023-12-26 00:02:15,042 - INFO - Scraping Italy football
2023-12-26 00:02:16,348 - INFO - Scraping Italy football
2023-12-26 00:02:17,711 - INFO - Scraping Italy football
2023-12-26 00:02:19,082 - INFO - Scraping Italy football
2023-12-26 00:02:20,329 - INFO - Scraping Azerbaijan football
2023-12-26 00:02:21,458 - INFO - Scraping Argentina football
2023-12-26 00:02:22,556 - INFO - Scraping Argentina football
2023-12-26 00:02:23,856 - INFO - Scraping Argentina football
2023-12-26 00:02:25,058 - INFO - Scraping Bosnia & Herzegovina football
2023-12-26 00:02:26,161 - INFO - Scraping England football
2023-12-26 00:02:27,256 - INFO - Scraping England football
2023-12-26 00:02:28,364 - INFO - Scraping England football
2023-12-26 00:02:29,495 - INFO - Scraping England football
2023-12-26 00:02:30,587 - INFO - Scraping England football
2023-12-26 00:02:31,802 - INFO - Scraping England football
2023-12-26 00:02:32,935 - INFO - Scraping England football
2023-12-26 00:02:34,058 - INFO - Scraping England football
2023-12-26 00:02:35,410 - INFO - Scraping England football
2023-12-26 00:02:36,593 - INFO - Scraping England football
2023-12-26 00:02:38,259 - INFO - Scraping England football
2023-12-26 00:02:39,429 - INFO - Scraping England football
2023-12-26 00:02:40,878 - INFO - Scraping Ireland football
2023-12-26 00:02:42,286 - INFO - Scraping Portugal football
2023-12-26 00:02:43,620 - INFO - Scraping Portugal football
2023-12-26 00:02:45,091 - INFO - Scraping Portugal football
2023-12-26 00:02:46,443 - INFO - Scraping Portugal football
2023-12-26 00:02:47,758 - INFO - Scraping Saudi Arabia football
2023-12-26 00:02:49,191 - INFO - Scraping Saudi Arabia football
2023-12-26 00:02:50,519 - INFO - Scraping Belgium football
2023-12-26 00:02:51,848 - INFO - Scraping Belgium football
2023-12-26 00:02:53,181 - INFO - Scraping Belgium football
2023-12-26 00:02:54,451 - INFO - Scraping Morocco football
2023-12-26 00:02:55,869 - INFO - Scraping Morocco football
2023-12-26 00:02:57,154 - INFO - Scraping Cyprus football
2023-12-26 00:02:58,439 - INFO - Scraping Cyprus football
2023-12-26 00:02:58,504 - INFO - Successfully Scraped and Saved bet9ja football
2023-12-26 00:02:59,820 - INFO - Scraping Turkiye basketball
2023-12-26 00:03:01,143 - INFO - Scraping Lithuania basketball
2023-12-26 00:03:02,275 - INFO - Scraping Sweden basketball
2023-12-26 00:03:03,377 - INFO - Scraping Germany basketball
2023-12-26 00:03:04,534 - INFO - Scraping Denmark basketball
2023-12-26 00:03:05,733 - INFO - Scraping Spain basketball
2023-12-26 00:03:06,951 - INFO - Scraping Spain basketball
2023-12-26 00:03:08,137 - INFO - Scraping International basketball
2023-12-26 00:03:09,223 - INFO - Scraping International basketball
2023-12-26 00:03:10,389 - INFO - Scraping International basketball
2023-12-26 00:03:11,557 - INFO - Scraping International basketball
2023-12-26 00:03:12,759 - INFO - Scraping International basketball
2023-12-26 00:03:13,891 - INFO - Scraping International basketball
2023-12-26 00:03:15,130 - INFO - Scraping International basketball
2023-12-26 00:03:16,432 - INFO - Scraping International basketball
2023-12-26 00:03:17,724 - INFO - Scraping International basketball
2023-12-26 00:03:18,983 - INFO - Scraping International basketball
2023-12-26 00:03:20,347 - INFO - Scraping International basketball
2023-12-26 00:03:21,703 - INFO - Scraping Croatia basketball
2023-12-26 00:03:23,003 - INFO - Scraping Brazil basketball
2023-12-26 00:03:24,278 - INFO - Scraping Israel basketball
2023-12-26 00:03:25,530 - INFO - Scraping Israel basketball
2023-12-26 00:03:26,828 - INFO - Scraping England basketball
2023-12-26 00:03:28,160 - INFO - Scraping Mexico basketball
2023-12-26 00:03:29,384 - INFO - Scraping China basketball
2023-12-26 00:03:30,600 - INFO - Scraping China basketball
2023-12-26 00:03:31,932 - INFO - Scraping Norway basketball
2023-12-26 00:03:33,202 - INFO - Scraping Austria basketball
2023-12-26 00:03:34,451 - INFO - Scraping Poland basketball
2023-12-26 00:03:35,805 - INFO - Scraping Argentina basketball
2023-12-26 00:03:37,275 - INFO - Scraping Argentina basketball
2023-12-26 00:03:38,560 - INFO - Scraping Finland basketball
2023-12-26 00:03:39,855 - INFO - Scraping Serbia basketball
2023-12-26 00:03:41,196 - INFO - Scraping Czech Republic basketball
2023-12-26 00:03:42,313 - INFO - Scraping Republic of Korea basketball
2023-12-26 00:03:43,398 - INFO - Scraping Republic of Korea basketball
2023-12-26 00:03:44,684 - INFO - Scraping Slovakia basketball
2023-12-26 00:03:46,041 - INFO - Scraping Slovenia basketball
2023-12-26 00:03:47,303 - INFO - Scraping Cyprus basketball
2023-12-26 00:03:48,413 - INFO - Scraping Australia basketball
2023-12-26 00:03:49,583 - INFO - Scraping Australia basketball
2023-12-26 00:03:50,685 - INFO - Scraping Philippines basketball
2023-12-26 00:03:51,901 - INFO - Scraping USA basketball
2023-12-26 00:03:53,123 - INFO - Scraping USA basketball
2023-12-26 00:03:53,123 - INFO - Successfully Scraped and Saved bet9ja basketball
2023-12-26 00:03:54,371 - INFO - Scraping Slovenia volleyball
2023-12-26 00:03:55,558 - INFO - Scraping Slovenia volleyball
2023-12-26 00:03:56,691 - INFO - Scraping Germany volleyball
2023-12-26 00:03:57,856 - INFO - Scraping Czech Republic volleyball
2023-12-26 00:03:59,098 - INFO - Scraping Russia volleyball
2023-12-26 00:04:00,409 - INFO - Scraping South Korea volleyball
2023-12-26 00:04:01,714 - INFO - Scraping Finland volleyball
2023-12-26 00:04:03,268 - INFO - Scraping Hungary volleyball
2023-12-26 00:04:04,726 - INFO - Scraping Hungary volleyball
2023-12-26 00:04:06,118 - INFO - Scraping China volleyball
2023-12-26 00:04:07,608 - INFO - Scraping Belgium volleyball
2023-12-26 00:04:09,014 - INFO - Scraping Poland volleyball
2023-12-26 00:04:10,468 - INFO - Scraping Poland volleyball
2023-12-26 00:04:11,862 - INFO - Scraping Argentina volleyball
2023-12-26 00:04:13,323 - INFO - Scraping Brazil volleyball
2023-12-26 00:04:14,754 - INFO - Scraping International volleyball
2023-12-26 00:04:16,179 - INFO - Scraping International volleyball
2023-12-26 00:04:17,676 - INFO - Scraping International volleyball
2023-12-26 00:04:19,283 - INFO - Scraping Netherlands volleyball
2023-12-26 00:04:20,753 - INFO - Scraping Greece volleyball
2023-12-26 00:04:20,768 - INFO - Successfully Scraped and Saved bet9ja volleyball
2023-12-26 00:04:22,239 - INFO - Scraping ITF Men tennis
2023-12-26 00:04:23,700 - INFO - Scraping ITF Men tennis
2023-12-26 00:04:25,102 - INFO - Scraping ITF Men tennis
2023-12-26 00:04:26,594 - INFO - Scraping ITF Men tennis
2023-12-26 00:04:28,048 - INFO - Scraping ITF Men tennis
2023-12-26 00:04:29,508 - INFO - Scraping ITF Men tennis
2023-12-26 00:04:30,940 - INFO - Scraping ITF Men tennis
2023-12-26 00:04:32,275 - INFO - Scraping ITF Men tennis
2023-12-26 00:04:33,736 - INFO - Scraping ITF Men tennis
2023-12-26 00:04:35,206 - INFO - Scraping ITF Men tennis
2023-12-26 00:04:36,661 - INFO - Scraping ITF Men tennis
2023-12-26 00:04:38,618 - INFO - Scraping ITF Men tennis
2023-12-26 00:04:40,808 - INFO - Scraping ITF Men tennis
2023-12-26 00:04:42,364 - INFO - Scraping ITF Men tennis
2023-12-26 00:04:44,330 - INFO - Scraping Simulated Reality tennis
2023-12-26 00:04:45,531 - INFO - Scraping ITF Women tennis
2023-12-26 00:04:46,917 - INFO - Scraping ITF Women tennis
2023-12-26 00:04:48,243 - INFO - Scraping ITF Women tennis
2023-12-26 00:04:49,610 - INFO - Scraping ITF Women tennis
2023-12-26 00:04:50,956 - INFO - Scraping ITF Women tennis
2023-12-26 00:04:52,318 - INFO - Scraping ITF Women tennis
2023-12-26 00:04:53,656 - INFO - Scraping ITF Women tennis
2023-12-26 00:04:55,058 - INFO - Scraping ITF Women tennis
2023-12-26 00:04:56,485 - INFO - Scraping ITF Women tennis
2023-12-26 00:04:57,863 - INFO - Scraping ITF Women tennis
2023-12-26 00:04:59,262 - INFO - Scraping ITF Women tennis
2023-12-26 00:05:00,650 - INFO - Scraping ITF Women tennis
2023-12-26 00:05:02,055 - INFO - Scraping Simulated Reality Women tennis
2023-12-26 00:05:03,357 - INFO - Scraping WTA 125K tennis
2023-12-26 00:05:04,829 - INFO - Scraping WTA 125K tennis
2023-12-26 00:05:04,829 - INFO - Successfully Scraped and Saved bet9ja tennis
2023-12-26 00:05:06,233 - INFO - Scraping International darts
2023-12-26 00:05:07,382 - INFO - Scraping International darts
2023-12-26 00:05:07,382 - INFO - Successfully Scraped and Saved bet9ja darts
2023-12-26 00:05:08,601 - INFO - Scraping Germany icehockey
2023-12-26 00:05:09,772 - INFO - Scraping Czech Republic icehockey
2023-12-26 00:05:10,917 - INFO - Scraping Czech Republic icehockey
2023-12-26 00:05:11,985 - INFO - Scraping Finland icehockey
2023-12-26 00:05:13,085 - INFO - Scraping Finland icehockey
2023-12-26 00:05:14,267 - INFO - Scraping International icehockey
2023-12-26 00:05:15,366 - INFO - Scraping International icehockey
2023-12-26 00:05:16,573 - INFO - Scraping International icehockey
2023-12-26 00:05:17,660 - INFO - Scraping International icehockey
2023-12-26 00:05:18,763 - INFO - Scraping Kazakhstan icehockey
2023-12-26 00:05:19,871 - INFO - Scraping USA icehockey
2023-12-26 00:05:20,955 - INFO - Scraping USA icehockey
2023-12-26 00:05:22,047 - INFO - Scraping Sweden icehockey
2023-12-26 00:05:23,142 - INFO - Scraping Sweden icehockey
2023-12-26 00:05:24,262 - INFO - Scraping Poland icehockey
2023-12-26 00:05:25,632 - INFO - Scraping Switzerland icehockey
2023-12-26 00:05:26,977 - INFO - Scraping Slovakia icehockey
2023-12-26 00:05:28,263 - INFO - Scraping Slovakia icehockey
2023-12-26 00:05:29,566 - INFO - Scraping Austria icehockey
2023-12-26 00:05:30,936 - INFO - Scraping France icehockey
2023-12-26 00:05:32,215 - INFO - Scraping Russia icehockey
2023-12-26 00:05:33,600 - INFO - Scraping Russia icehockey
2023-12-26 00:05:34,897 - INFO - Scraping Russia icehockey
2023-12-26 00:05:36,245 - INFO - Scraping Canada icehockey
2023-12-26 00:05:37,643 - INFO - Scraping Canada icehockey
2023-12-26 00:05:39,086 - INFO - Scraping Canada icehockey
2023-12-26 00:05:40,491 - INFO - Scraping Norway icehockey
2023-12-26 00:05:40,491 - INFO - Successfully Scraped and Saved bet9ja icehockey
2023-12-26 00:05:41,764 - INFO - Scraping eAdriatic League esoccer
2023-12-26 00:05:43,200 - INFO - Scraping eAdriatic League esoccer
2023-12-26 00:05:44,603 - INFO - Scraping eAdriatic League esoccer
2023-12-26 00:05:45,978 - INFO - Scraping Gt Sports League esoccer
2023-12-26 00:05:47,252 - INFO - Scraping Gt Sports League esoccer
2023-12-26 00:05:48,518 - INFO - Scraping Gt Sports League esoccer
2023-12-26 00:05:48,518 - INFO - Successfully Scraped and Saved bet9ja esoccer
2023-12-26 00:05:48,518 - INFO - SUCCESSFULLY SCRAPED bet9ja
2023-12-26 00:05:52,644 - INFO - Scraped Champions League
2023-12-26 00:05:55,522 - INFO - Scraped Euro 2024
2023-12-26 00:05:59,419 - INFO - Scraped Europa League
2023-12-26 00:06:03,265 - INFO - Scraped Europa Conference League
2023-12-26 00:06:07,710 - INFO - Scraped Euro Cup
2023-12-26 00:06:16,477 - INFO - Scraped Premier League
2023-12-26 00:06:29,666 - INFO - Scraped FA Cup
2023-12-26 00:06:40,425 - INFO - Scraped Championship 
2023-12-26 00:06:50,976 - INFO - Scraped League One
2023-12-26 00:07:01,437 - INFO - Scraped League Two
2023-12-26 00:07:02,641 - INFO - Scraped EFL Cup
2023-12-26 00:07:08,576 - INFO - Scraped National League
2023-12-26 00:07:13,493 - INFO - Scraped Northern Premier Division
2023-12-26 00:07:17,106 - INFO - Scraped Southern Premier Central Division
2023-12-26 00:07:21,607 - INFO - Scraped Southern Premier South Division
2023-12-26 00:07:46,402 - INFO - Scraped None
2023-12-26 00:07:53,896 - INFO - Scraped LaLiga
2023-12-26 00:07:55,101 - INFO - Scraped Super Cup
2023-12-26 00:07:59,863 - INFO - Scraped LaLiga2
2023-12-26 00:08:09,190 - INFO - Scraped Serie A
2023-12-26 00:08:13,819 - INFO - Scraped Serie B
2023-12-26 00:08:15,895 - INFO - Scraped Coppa Italia
2023-12-26 00:08:17,235 - INFO - Scraped Coppa Italia Serie D
2023-12-26 00:08:25,359 - INFO - Scraped Bundesliga
2023-12-26 00:08:29,773 - INFO - Scraped Ligue 1
2023-12-26 00:08:30,854 - INFO - Scraped Trophee des Champions
2023-12-26 00:08:35,351 - INFO - Scraped Eredivisie 
2023-12-26 00:08:36,191 - INFO - Scraped Eerste Divisie
2023-12-26 00:08:40,181 - INFO - Scraped Primeira Liga
2023-12-26 00:08:43,445 - INFO - Scraped Segunda Liga
2023-12-26 00:08:47,574 - INFO - Scraped First Division A
2023-12-26 00:08:53,624 - INFO - Scraped Premiership
2023-12-26 00:08:56,131 - INFO - Scraped Championship
2023-12-26 00:09:02,204 - INFO - Scraped A - League
2023-12-26 00:09:04,658 - INFO - Scraped W - League Women
2023-12-26 00:09:07,936 - INFO - Scraped 1st Division
2023-12-26 00:09:09,625 - INFO - Scraped Premier League
2023-12-26 00:09:15,715 - INFO - Scraped Super League 
2023-12-26 00:09:17,584 - INFO - Scraped Super League
2023-12-26 00:09:21,596 - INFO - Scraped Premier League
2023-12-26 00:09:26,125 - INFO - Scraped Premiership
2023-12-26 00:09:29,035 - INFO - Scraped Championship 1
2023-12-26 00:09:29,922 - INFO - Scraped Liga 1
2023-12-26 00:09:31,643 - INFO - Scraped Professional League
2023-12-26 00:09:34,921 - INFO - Scraped Premier League
2023-12-26 00:09:36,295 - INFO - Scraped Thai League 1
2023-12-26 00:09:37,093 - INFO - Successfully Scraped and Saved betking football
2023-12-26 00:09:44,370 - INFO - Scraped NBA
2023-12-26 00:09:45,758 - INFO - Scraped NCAA
2023-12-26 00:09:48,164 - INFO - Scraped Euroleague 
2023-12-26 00:09:52,678 - INFO - Scraped Eurocup 
2023-12-26 00:09:54,383 - INFO - Scraped NBL
2023-12-26 00:09:54,930 - INFO - Scraped WNBL
2023-12-26 00:09:56,621 - INFO - Scraped WCBA
2023-12-26 00:09:59,026 - INFO - Scraped BBL
2023-12-26 00:10:01,432 - INFO - Scraped PRO A
2023-12-26 00:10:06,447 - INFO - Scraped NBB
2023-12-26 00:10:07,002 - INFO - Scraped BBL
2023-12-26 00:10:09,688 - INFO - Scraped Superliga
2023-12-26 00:10:11,479 - INFO - Scraped Korisliigan
2023-12-26 00:10:12,367 - INFO - Scraped Super League
2023-12-26 00:10:12,938 - INFO - Scraped Super League
2023-12-26 00:10:14,088 - INFO - Scraped PLK
2023-12-26 00:10:14,960 - INFO - Scraped KBL
2023-12-26 00:10:15,530 - INFO - Successfully Scraped and Saved betking basketball
2023-12-26 00:10:21,345 - INFO - Successfully Scraped and Saved betking volleyball
2023-12-26 00:10:22,818 - INFO - Scraped M15 Monastir
2023-12-26 00:10:26,002 - INFO - Scraped Yanagawa, Doubles
2023-12-26 00:10:29,179 - INFO - Scraped Exhibition Games
2023-12-26 00:10:29,766 - INFO - Scraped Exhibition Games, Women
2023-12-26 00:10:29,781 - INFO - Successfully Scraped and Saved betking tennis
2023-12-26 00:10:35,141 - INFO - Scraped PDC World Championship
2023-12-26 00:10:35,141 - INFO - Successfully Scraped and Saved betking darts
2023-12-26 00:10:39,875 - INFO - Scraped NHL
2023-12-26 00:10:43,992 - INFO - Scraped AHL
2023-12-26 00:10:47,242 - INFO - Scraped KHL
2023-12-26 00:10:49,097 - INFO - Scraped VHL 
2023-12-26 00:10:51,861 - INFO - Scraped Liiga
2023-12-26 00:10:55,701 - INFO - Scraped SHL
2023-12-26 00:10:58,120 - INFO - Scraped Allsvenskan
2023-12-26 00:11:00,555 - INFO - Scraped EHL 
2023-12-26 00:11:01,725 - INFO - Scraped Extraliga
2023-12-26 00:11:03,858 - INFO - Scraped Extraliga
2023-12-26 00:11:06,829 - INFO - Scraped DEL 
2023-12-26 00:11:09,562 - INFO - Scraped Alps Hockey League
2023-12-26 00:11:15,519 - INFO - Scraped World Championship U20
2023-12-26 00:11:16,320 - INFO - Scraped Spengler Cup
2023-12-26 00:11:18,453 - INFO - Scraped Eliteserien
2023-12-26 00:11:20,540 - INFO - Scraped Extraliga
2023-12-26 00:11:22,603 - INFO - Scraped Swiss League
2023-12-26 00:11:22,625 - INFO - Successfully Scraped and Saved betking icehockey
2023-12-26 00:11:22,625 - INFO - SUCCESSFULLY SCRAPED betking
2023-12-26 00:11:26,925 - INFO - Scraped Premier League
2023-12-26 00:11:30,841 - INFO - Scraped FA Cup
2023-12-26 00:11:31,857 - INFO - Scraped League Cup
2023-12-26 00:11:36,276 - INFO - Scraped Championship
2023-12-26 00:11:40,661 - INFO - Scraped League One
2023-12-26 00:11:45,025 - INFO - Scraped League Two
2023-12-26 00:11:46,195 - INFO - Scraped DFB Pokal
2023-12-26 00:11:49,980 - INFO - Scraped Bundesliga
2023-12-26 00:11:52,365 - INFO - Scraped 2. Bundesliga
2023-12-26 00:11:56,882 - INFO - Scraped Serie A
2023-12-26 00:12:00,947 - INFO - Scraped Serie A
2023-12-26 00:12:03,588 - INFO - Scraped Serie B
2023-12-26 00:12:04,888 - INFO - Scraped Italia
2023-12-26 00:12:08,859 - INFO - Scraped La Liga
2023-12-26 00:12:12,924 - INFO - Scraped Premier League
2023-12-26 00:12:15,856 - INFO - Scraped Segunda Division
2023-12-26 00:12:19,945 - INFO - Scraped Premier League
2023-12-26 00:12:21,960 - INFO - Scraped Ligue 1
2023-12-26 00:12:22,714 - INFO - Scraped de France
2023-12-26 00:12:24,668 - INFO - Scraped Ligue 2
2023-12-26 00:12:30,187 - INFO - Scraped Champions League
2023-12-26 00:12:32,108 - INFO - Scraped Europa League
2023-12-26 00:12:33,529 - INFO - Scraped Championship. Women
2023-12-26 00:12:36,525 - INFO - Scraped A League
2023-12-26 00:12:41,491 - INFO - Scraped Premier League
2023-12-26 00:12:44,184 - INFO - Scraped Premier League
2023-12-26 00:12:45,542 - INFO - Scraped Championship
2023-12-26 00:12:46,847 - INFO - Scraped League One
2023-12-26 00:12:48,135 - INFO - Scraped League Two
2023-12-26 00:12:50,375 - INFO - Scraped Arabia. Saudi Professional League
2023-12-26 00:12:51,664 - INFO - Scraped Arabia. Division 1
2023-12-26 00:12:55,825 - INFO - Scraped Serie A
2023-12-26 00:12:57,715 - INFO - Scraped Premier League
2023-12-26 00:12:59,352 - INFO - Scraped First Division
2023-12-26 00:13:01,211 - INFO - Scraped Premier League
2023-12-26 00:13:05,410 - INFO - Scraped Premier League
2023-12-26 00:13:07,447 - INFO - Scraped Serie A
2023-12-26 00:13:11,576 - INFO - Scraped Serie A
2023-12-26 00:13:12,178 - INFO - Scraped Cup of Nations
2023-12-26 00:13:12,416 - INFO - Successfully Scraped and Saved betwinner football
2023-12-26 00:13:15,054 - INFO - Scraped NBA
2023-12-26 00:13:19,255 - INFO - Scraped Euroleague
2023-12-26 00:13:21,626 - INFO - Scraped Euroleague
2023-12-26 00:13:22,413 - INFO - Scraped NBL
2023-12-26 00:13:23,053 - INFO - Scraped WNBL
2023-12-26 00:13:23,817 - INFO - Scraped Championship
2023-12-26 00:13:24,937 - INFO - Scraped Championship. Women
2023-12-26 00:13:28,804 - INFO - Scraped Euroleague
2023-12-26 00:13:30,278 - INFO - Scraped SuperLeague
2023-12-26 00:13:31,560 - INFO - Scraped Euroleague
2023-12-26 00:13:35,644 - INFO - Scraped Euroleague
2023-12-26 00:13:37,249 - INFO - Scraped Euroleague
2023-12-26 00:13:41,794 - INFO - Scraped Euroleague
2023-12-26 00:13:43,433 - INFO - Scraped Euroleague
2023-12-26 00:13:45,314 - INFO - Scraped Euroleague
2023-12-26 00:13:49,244 - INFO - Scraped Euroleague
2023-12-26 00:13:51,050 - INFO - Scraped Euroleague
2023-12-26 00:13:51,103 - INFO - Successfully Scraped and Saved betwinner basketball
2023-12-26 00:13:54,829 - INFO - Scraped University League
2023-12-26 00:13:58,525 - INFO - Scraped University League
2023-12-26 00:13:58,541 - INFO - Successfully Scraped and Saved betwinner volleyball
2023-12-26 00:14:02,446 - INFO - Scraped Navi Mumbai. Women. Doubles
2023-12-26 00:14:06,083 - INFO - Scraped Navi Mumbai. Women. Doubles
2023-12-26 00:14:07,558 - INFO - Scraped Navi Mumbai. Women. Doubles
2023-12-26 00:14:09,133 - INFO - Scraped Navi Mumbai. Women. Doubles
2023-12-26 00:14:12,739 - INFO - Scraped Navi Mumbai. Women. Doubles
2023-12-26 00:14:14,166 - INFO - Scraped Navi Mumbai. Women. Doubles
2023-12-26 00:14:15,570 - INFO - Scraped Navi Mumbai. Women. Doubles
2023-12-26 00:14:15,586 - INFO - Successfully Scraped and Saved betwinner tennis
2023-12-26 00:14:19,343 - INFO - Scraped World Championship
2023-12-26 00:14:23,079 - INFO - Scraped World Championship
2023-12-26 00:14:24,699 - INFO - Scraped World Championship
2023-12-26 00:14:26,246 - INFO - Scraped World Championship
2023-12-26 00:14:26,246 - INFO - Successfully Scraped and Saved betwinner darts
2023-12-26 00:14:27,717 - INFO - Scraped Republic. Chance Liga
2023-12-26 00:14:29,306 - INFO - Scraped Republic. Extraliga
2023-12-26 00:14:33,040 - INFO - Scraped NHL
2023-12-26 00:14:37,237 - INFO - Scraped NHL
2023-12-26 00:14:39,004 - INFO - Scraped Elite League
2023-12-26 00:14:41,065 - INFO - Scraped NHL
2023-12-26 00:14:42,716 - INFO - Scraped 2. Bundesliga
2023-12-26 00:14:44,358 - INFO - Scraped DEL
2023-12-26 00:14:45,794 - INFO - Scraped VHL
2023-12-26 00:14:46,396 - INFO - Scraped Hockey League
2023-12-26 00:14:47,430 - INFO - Scraped Championship. NMHL
2023-12-26 00:14:51,282 - INFO - Scraped NHL
2023-12-26 00:14:52,780 - INFO - Scraped NHL
2023-12-26 00:14:54,440 - INFO - Scraped Allsvenskan
2023-12-26 00:14:58,470 - INFO - Scraped NHL
2023-12-26 00:15:01,264 - INFO - Scraped Elitserien
2023-12-26 00:15:05,130 - INFO - Scraped NHL
2023-12-26 00:15:07,337 - INFO - Scraped AHL
2023-12-26 00:15:07,453 - INFO - Successfully Scraped and Saved betwinner icehockey
2023-12-26 00:15:08,026 - ERROR - Error getting games for GT-SPORTS, URL: https://betwinner.ng/service-api/LiveFeed/Get1x2_VZip?sports=1&champs=2635576&count=20&lng=en&gr=412&mode=4&country=132&partner=159&getEmpty=true&virtualSports=true&menuSection=1%7C9&noFilterBlockEvent=true, Error: Unexpected UTF-8 BOM (decode using utf-8-sig): line 1 column 1 (char 0)
Traceback (most recent call last):
  File "C:\Users\mofe\AppData\Local\Programs\Python\Python311\Lib\site-packages\requests\models.py", line 971, in json
    return complexjson.loads(self.text, **kwargs)
           ^^^^^^^^^^^^^^^^^^^^^^^^^^^^^^^^^^^^^^
  File "C:\Users\mofe\AppData\Local\Programs\Python\Python311\Lib\json\__init__.py", line 335, in loads
    raise JSONDecodeError("Unexpected UTF-8 BOM (decode using utf-8-sig)",
json.decoder.JSONDecodeError: Unexpected UTF-8 BOM (decode using utf-8-sig): line 1 column 1 (char 0)

During handling of the above exception, another exception occurred:

Traceback (most recent call last):
  File "C:\Users\mofe\my_projects\WagerBrain\engine\bookie_models\betwinner_model.py", line 64, in Get_games
    markets = betwinner.get_games_market(games_id, betwinner.headers)
              ^^^^^^^^^^^^^^^^^^^^^^^^^^^^^^^^^^^^^^^^^^^^^^^^^^^^^^^
  File "C:\Users\mofe\my_projects\WagerBrain\engine\bookie_models\betwinner_model.py", line 103, in get_games_market
    markets.append(response.json())
                   ^^^^^^^^^^^^^^^
  File "C:\Users\mofe\AppData\Local\Programs\Python\Python311\Lib\site-packages\requests\models.py", line 975, in json
    raise RequestsJSONDecodeError(e.msg, e.doc, e.pos)
requests.exceptions.JSONDecodeError: Unexpected UTF-8 BOM (decode using utf-8-sig): line 1 column 1 (char 0)
2023-12-26 00:15:08,083 - INFO - Successfully Scraped and Saved betwinner esoccer
2023-12-26 00:15:08,084 - INFO - SUCCESSFULLY SCRAPED betwinner
2023-12-26 00:15:08,471 - INFO - Scraped Australia - A-League
2023-12-26 00:15:09,170 - INFO - Scraped Australia - A-League Women
2023-12-26 00:15:09,878 - INFO - Scraped Azerbaijan - Premier
2023-12-26 00:15:10,190 - INFO - Scraped Azerbaijan Cup
2023-12-26 00:15:10,859 - INFO - Scraped Bahrain - Premier League
2023-12-26 00:15:11,522 - INFO - Scraped Bahrain - 2nd Div
2023-12-26 00:15:11,891 - INFO - Scraped Belgium - First Division A
2023-12-26 00:15:12,538 - INFO - Scraped Cyprus - 1st Div
2023-12-26 00:15:12,823 - INFO - Scraped Egypt - Premier
2023-12-26 00:15:13,992 - INFO - Scraped England - Premier League
2023-12-26 00:15:15,061 - INFO - Scraped England - FA Cup
2023-12-26 00:15:16,192 - INFO - Scraped England - Championship
2023-12-26 00:15:16,993 - INFO - Scraped England - League One
2023-12-26 00:15:17,746 - INFO - Scraped England - League Two
2023-12-26 00:15:18,078 - INFO - Scraped England - National League
2023-12-26 00:15:18,394 - INFO - Scraped England - Professional Development
2023-12-26 00:15:19,126 - INFO - Scraped Champions League
2023-12-26 00:15:19,448 - INFO - Scraped Europa League
2023-12-26 00:15:20,111 - INFO - Scraped Champions League Women
2023-12-26 00:15:20,426 - INFO - Scraped Euro 2024
2023-12-26 00:15:20,749 - INFO - Scraped Euro 2024 Qualifying
2023-12-26 00:15:21,464 - INFO - Scraped Europa Conference League
2023-12-26 00:15:22,164 - INFO - Scraped France - Ligue 1
2023-12-26 00:15:22,880 - INFO - Scraped Germany - 1.Bundesliga
2023-12-26 00:15:23,548 - INFO - Scraped Greece - Super League
2023-12-26 00:15:23,880 - INFO - Scraped India - Super League
2023-12-26 00:15:24,542 - INFO - Scraped India - I-League
2023-12-26 00:15:24,880 - INFO - Scraped Copa America
2023-12-26 00:15:25,180 - INFO - Scraped FIFA Club World Cup
2023-12-26 00:15:25,512 - INFO - Scraped Friendly Intl U23
2023-12-26 00:15:25,881 - INFO - Scraped Israel - Premier League
2023-12-26 00:15:26,181 - INFO - Scraped Israel - Liga Alef
2023-12-26 00:15:26,867 - INFO - Scraped Israel - Liga Bet
2023-12-26 00:15:27,467 - INFO - Scraped Israel - Ligat Al Women
2023-12-26 00:15:28,514 - INFO - Scraped Italy - Serie A
2023-12-26 00:15:29,269 - INFO - Scraped Italy - Serie B
2023-12-26 00:15:29,617 - INFO - Scraped Italy - Campionato Primavera
2023-12-26 00:15:30,287 - INFO - Scraped Italy - Lega Pro Group A
2023-12-26 00:15:30,587 - INFO - Scraped Italy - Lega Pro Group B
2023-12-26 00:15:31,249 - INFO - Scraped Italy - Lega Pro Group C
2023-12-26 00:15:31,534 - INFO - Scraped Italy - Serie D
2023-12-26 00:15:31,856 - INFO - Scraped Jordan - Premier
2023-12-26 00:15:32,150 - INFO - Scraped Kuwait - Premier League
2023-12-26 00:15:32,804 - INFO - Scraped Netherlands - Eerste Divisie
2023-12-26 00:15:33,620 - INFO - Scraped Netherlands Cup
2023-12-26 00:15:33,973 - INFO - Scraped Northern Ireland - Premier
2023-12-26 00:15:34,351 - INFO - Scraped Portugal - Primeira Liga
2023-12-26 00:15:34,673 - INFO - Scraped Portugal - Segunda Liga
2023-12-26 00:15:35,351 - INFO - Scraped Portugal League Cup
2023-12-26 00:15:36,036 - INFO - Scraped Qatar - Stars League
2023-12-26 00:15:36,873 - INFO - Scraped Romania - Liga 1
2023-12-26 00:15:37,589 - INFO - Scraped Saudi Arabia - Premier
2023-12-26 00:15:37,937 - INFO - Scraped Scotland - Premiership
2023-12-26 00:15:38,653 - INFO - Scraped Scotland - Championship
2023-12-26 00:15:39,306 - INFO - Scraped Scotland - League One
2023-12-26 00:15:39,622 - INFO - Scraped Scotland - League Two
2023-12-26 00:15:40,555 - INFO - Scraped Serbia - Superliga
2023-12-26 00:15:41,256 - INFO - Scraped South Africa - Premier
2023-12-26 00:15:42,042 - INFO - Scraped Spain - La Liga
2023-12-26 00:15:42,364 - INFO - Scraped Spain - Segunda
2023-12-26 00:15:43,081 - INFO - Scraped Tanzania - Premier League
2023-12-26 00:15:43,743 - INFO - Scraped Thailand - Thai League 1
2023-12-26 00:15:44,429 - INFO - Scraped Turkey - Super Lig
2023-12-26 00:15:44,697 - INFO - Scraped Turkey Super Cup
2023-12-26 00:15:45,366 - INFO - Scraped Turkey - 1. Lig
2023-12-26 00:15:46,045 - INFO - Scraped UAE - Premier League
2023-12-26 00:15:46,683 - INFO - Scraped UAE - U21 League
2023-12-26 00:15:47,367 - INFO - Scraped Vietnam - V League
2023-12-26 00:15:47,430 - INFO - Successfully Scraped and Saved livescorebet football
2023-12-26 00:15:48,104 - INFO - Scraped Argentina - Liga Nacional De Basquetbol
2023-12-26 00:15:48,401 - INFO - Scraped Australia - NBL
2023-12-26 00:15:49,075 - INFO - Scraped Australia - WNBL
2023-12-26 00:15:49,773 - INFO - Scraped Austria - Superliga
2023-12-26 00:15:50,452 - INFO - Scraped Bahrain - Premier League
2023-12-26 00:15:50,774 - INFO - Scraped Brazil - NBB
2023-12-26 00:15:51,074 - INFO - Scraped Bulgaria - NBL
2023-12-26 00:15:51,753 - INFO - Scraped China - CBA
2023-12-26 00:15:52,391 - INFO - Scraped Cyprus - Division 1
2023-12-26 00:15:53,075 - INFO - Scraped Cyprus - Division 1 Women
2023-12-26 00:15:53,375 - INFO - Scraped Denmark - Basketligaen
2023-12-26 00:15:53,675 - INFO - Scraped Estonia - 1st League
2023-12-26 00:15:54,354 - INFO - Scraped Euroleague
2023-12-26 00:15:54,676 - INFO - Scraped Adriatic League
2023-12-26 00:15:54,954 - INFO - Scraped Adriatic League 2
2023-12-26 00:15:55,592 - INFO - Scraped EuroCup Women
2023-12-26 00:15:55,892 - INFO - Scraped Latvia-Estonia League
2023-12-26 00:15:56,303 - INFO - Scraped Finland - Korisliiga
2023-12-26 00:15:56,624 - INFO - Scraped France - Pro A
2023-12-26 00:15:57,325 - INFO - Scraped France - Pro B
2023-12-26 00:15:57,678 - INFO - Scraped Germany - Bundesliga
2023-12-26 00:15:57,994 - INFO - Scraped Germany - Bundesliga Women
2023-12-26 00:15:58,310 - INFO - Scraped Germany - Pro A
2023-12-26 00:15:58,823 - INFO - Scraped Greece - Basket League
2023-12-26 00:15:59,161 - INFO - Scraped Hong Kong - BL
2023-12-26 00:16:00,120 - INFO - Scraped Hungary - NB I
2023-12-26 00:16:00,819 - INFO - Scraped Israel - Super League
2023-12-26 00:16:01,511 - INFO - Scraped Israel - National Division
2023-12-26 00:16:01,844 - INFO - Scraped Italy - Lega 1
2023-12-26 00:16:02,219 - INFO - Scraped Italy - A2 Women
2023-12-26 00:16:02,912 - INFO - Scraped Italy - Serie A2
2023-12-26 00:16:03,622 - INFO - Scraped Japan - WJBL
2023-12-26 00:16:04,345 - INFO - Scraped Lithuania - LKL
2023-12-26 00:16:05,047 - INFO - Scraped Lithuania - NKL
2023-12-26 00:16:05,778 - INFO - Scraped Malaysia - MABA Pro League
2023-12-26 00:16:06,123 - INFO - Scraped Morocco - Division 1
2023-12-26 00:16:06,828 - INFO - Scraped Philippines PBA Commissioners Cup
2023-12-26 00:16:07,541 - INFO - Scraped Poland - Basket Liga
2023-12-26 00:16:08,227 - INFO - Scraped Portugal - Nacional 2
2023-12-26 00:16:08,929 - INFO - Scraped Romania - Nationala
2023-12-26 00:16:09,292 - INFO - Scraped Slovenia - 1. SKL
2023-12-26 00:16:09,626 - INFO - Scraped Slovenia - 1. SKL Women
2023-12-26 00:16:09,962 - INFO - Scraped KBL
2023-12-26 00:16:10,669 - INFO - Scraped KBL Women
2023-12-26 00:16:11,652 - INFO - Scraped Spain - ACB League
2023-12-26 00:16:12,006 - INFO - Scraped Spain - LEB League
2023-12-26 00:16:12,707 - INFO - Scraped Spain - LFB Women
2023-12-26 00:16:13,430 - INFO - Scraped Turkey - BSL
2023-12-26 00:16:14,141 - INFO - Scraped Turkey - TBL
2023-12-26 00:16:14,457 - INFO - Scraped Turkey - TBL2
2023-12-26 00:16:14,809 - INFO - Scraped British Basketball League
2023-12-26 00:16:15,174 - INFO - Scraped NBA
2023-12-26 00:16:15,862 - INFO - Scraped NCAAB
2023-12-26 00:16:16,574 - INFO - Scraped Uruguay - LUB
2023-12-26 00:16:16,589 - INFO - Successfully Scraped and Saved livescorebet basketball
2023-12-26 00:16:17,282 - INFO - Scraped Austria Cup
2023-12-26 00:16:17,983 - INFO - Scraped Brazil Superliga
2023-12-26 00:16:18,680 - INFO - Scraped Brazil Superliga Women
2023-12-26 00:16:19,412 - INFO - Scraped Bulgaria Super League
2023-12-26 00:16:19,928 - INFO - Scraped China CVL
2023-12-26 00:16:20,617 - INFO - Scraped Czech Extraliga Women
2023-12-26 00:16:21,314 - INFO - Scraped Champions League
2023-12-26 00:16:21,628 - INFO - Scraped CEV Challenge Cup
2023-12-26 00:16:21,979 - INFO - Scraped CEV Cup
2023-12-26 00:16:22,652 - INFO - Scraped Baltic League
2023-12-26 00:16:22,979 - INFO - Scraped Finland Mestaruusliiga Women
2023-12-26 00:16:23,307 - INFO - Scraped Greece A1
2023-12-26 00:16:23,669 - INFO - Scraped Israel Premier League Women
2023-12-26 00:16:23,976 - INFO - Scraped Kazakhstan National League Women
2023-12-26 00:16:24,676 - INFO - Scraped Poland PLS
2023-12-26 00:16:25,443 - INFO - Scraped Poland Cup Women
2023-12-26 00:16:25,791 - INFO - Scraped Serbia Superliga Women
2023-12-26 00:16:26,492 - INFO - Scraped Korea V League
2023-12-26 00:16:26,842 - INFO - Scraped Korea V League Women
2023-12-26 00:16:27,167 - INFO - Scraped Spain Superliga Women
2023-12-26 00:16:27,183 - INFO - Successfully Scraped and Saved livescorebet volleyball
2023-12-26 00:16:27,879 - INFO - Scraped UTR Pro Series Olomouc Women
2023-12-26 00:16:28,551 - INFO - Scraped ITF M15 Yanagawa
2023-12-26 00:16:28,888 - INFO - Scraped ITF M15 Yanagawa, Doubles
2023-12-26 00:16:29,200 - INFO - Scraped ITF M15 Papamoa
2023-12-26 00:16:29,547 - INFO - Scraped ITF M15 Papamoa, Doubles
2023-12-26 00:16:30,258 - INFO - Scraped ITF W25 Papamoa
2023-12-26 00:16:30,977 - INFO - Scraped ITF W25 Papamoa, Doubles
2023-12-26 00:16:31,664 - INFO - Scraped ITF M15 Monastir
2023-12-26 00:16:31,980 - INFO - Scraped ITF W15 Monastir
2023-12-26 00:16:32,667 - INFO - Scraped ITF W15 Monastir, Doubles
2023-12-26 00:16:33,348 - INFO - Scraped ITF M15 Antalya
2023-12-26 00:16:34,274 - INFO - Scraped ITF M15 Antalya, Doubles
2023-12-26 00:16:35,248 - INFO - Scraped ITF W15 Antalya, Doubles
2023-12-26 00:16:36,028 - INFO - Scraped UTR Pro Series Boca Raton Women
2023-12-26 00:16:37,472 - INFO - Scraped UTR Pro Series Newport Beach
2023-12-26 00:16:37,475 - INFO - Successfully Scraped and Saved livescorebet tennis
2023-12-26 00:16:38,433 - INFO - Scraped PDC World Championship
2023-12-26 00:16:38,436 - INFO - Successfully Scraped and Saved livescorebet darts
2023-12-26 00:16:39,855 - INFO - Scraped Austria ICE Hockey League
2023-12-26 00:16:40,593 - INFO - Scraped Alps Hockey League
2023-12-26 00:16:41,300 - INFO - Scraped Czech Extraliga
2023-12-26 00:16:41,637 - INFO - Scraped Finnish SM Liga
2023-12-26 00:16:41,958 - INFO - Scraped Germany Eishockey Liga
2023-12-26 00:16:42,307 - INFO - Scraped World Junior Championship
2023-12-26 00:16:42,998 - INFO - Scraped Kazakhstan Hockey Championship
2023-12-26 00:16:43,662 - INFO - Scraped Latvia Premjer Liga
2023-12-26 00:16:44,355 - INFO - Scraped Norway Fjordkraft-ligaen
2023-12-26 00:16:45,079 - INFO - Scraped Slovakia Extraliga
2023-12-26 00:16:45,446 - INFO - Scraped Slovakia Liga1
2023-12-26 00:16:46,131 - INFO - Scraped Sweden Damhockeyligan
2023-12-26 00:16:46,454 - INFO - Scraped Swiss Nationalliga
2023-12-26 00:16:47,140 - INFO - Scraped Swiss League
2023-12-26 00:16:47,860 - INFO - Scraped NHL
2023-12-26 00:16:48,543 - INFO - Scraped AHL
2023-12-26 00:16:48,559 - INFO - Successfully Scraped and Saved livescorebet icehockey
2023-12-26 00:16:48,559 - INFO - SUCCESSFULLY SCRAPED livescorebet
2023-12-26 00:17:16,004 - ERROR - Error cleaning merrybet Data: too many values to unpack (expected 2)
Traceback (most recent call last):
  File "C:\Users\mofe\my_projects\WagerBrain\utils\parser\scrub.py", line 50, in clean
    clean_data = extract_merrybet(data)
                 ^^^^^^^^^^^^^^^^^^^^^^
  File "C:\Users\mofe\my_projects\WagerBrain\utils\parser\bookies_parsers\merrybet_parser.py", line 33, in extract_merrybet
    home_team, away_team = split_team_names(gamename)
    ^^^^^^^^^^^^^^^^^^^^
ValueError: too many values to unpack (expected 2)
2023-12-26 00:17:19,218 - ERROR - Error cleaning merrybet Data: too many values to unpack (expected 2)
Traceback (most recent call last):
  File "C:\Users\mofe\my_projects\WagerBrain\utils\parser\scrub.py", line 50, in clean
    clean_data = extract_merrybet(data)
                 ^^^^^^^^^^^^^^^^^^^^^^
  File "C:\Users\mofe\my_projects\WagerBrain\utils\parser\bookies_parsers\merrybet_parser.py", line 33, in extract_merrybet
    home_team, away_team = split_team_names(gamename)
    ^^^^^^^^^^^^^^^^^^^^
ValueError: too many values to unpack (expected 2)
2023-12-26 00:17:28,596 - ERROR - Error cleaning merrybet Data: too many values to unpack (expected 2)
Traceback (most recent call last):
  File "C:\Users\mofe\my_projects\WagerBrain\utils\parser\scrub.py", line 50, in clean
    clean_data = extract_merrybet(data)
                 ^^^^^^^^^^^^^^^^^^^^^^
  File "C:\Users\mofe\my_projects\WagerBrain\utils\parser\bookies_parsers\merrybet_parser.py", line 33, in extract_merrybet
    home_team, away_team = split_team_names(gamename)
    ^^^^^^^^^^^^^^^^^^^^
ValueError: too many values to unpack (expected 2)
2023-12-26 00:17:44,719 - INFO - Successfully Scraped and Saved merrybet football
2023-12-26 00:18:03,269 - INFO - Successfully Scraped and Saved merrybet basketball
2023-12-26 00:18:09,435 - ERROR - Error cleaning merrybet Data: too many values to unpack (expected 2)
Traceback (most recent call last):
  File "C:\Users\mofe\my_projects\WagerBrain\utils\parser\scrub.py", line 50, in clean
    clean_data = extract_merrybet(data)
                 ^^^^^^^^^^^^^^^^^^^^^^
  File "C:\Users\mofe\my_projects\WagerBrain\utils\parser\bookies_parsers\merrybet_parser.py", line 33, in extract_merrybet
    home_team, away_team = split_team_names(gamename)
    ^^^^^^^^^^^^^^^^^^^^
ValueError: too many values to unpack (expected 2)
2023-12-26 00:18:17,737 - INFO - Successfully Scraped and Saved merrybet volleyball
2023-12-26 00:18:20,893 - INFO - Successfully Scraped and Saved merrybet tennis
2023-12-26 00:18:23,962 - INFO - Successfully Scraped and Saved merrybet darts
2023-12-26 00:18:28,976 - ERROR - Error cleaning merrybet Data: too many values to unpack (expected 2)
Traceback (most recent call last):
  File "C:\Users\mofe\my_projects\WagerBrain\utils\parser\scrub.py", line 50, in clean
    clean_data = extract_merrybet(data)
                 ^^^^^^^^^^^^^^^^^^^^^^
  File "C:\Users\mofe\my_projects\WagerBrain\utils\parser\bookies_parsers\merrybet_parser.py", line 33, in extract_merrybet
    home_team, away_team = split_team_names(gamename)
    ^^^^^^^^^^^^^^^^^^^^
ValueError: too many values to unpack (expected 2)
2023-12-26 00:18:39,696 - ERROR - Error cleaning merrybet Data: too many values to unpack (expected 2)
Traceback (most recent call last):
  File "C:\Users\mofe\my_projects\WagerBrain\utils\parser\scrub.py", line 50, in clean
    clean_data = extract_merrybet(data)
                 ^^^^^^^^^^^^^^^^^^^^^^
  File "C:\Users\mofe\my_projects\WagerBrain\utils\parser\bookies_parsers\merrybet_parser.py", line 33, in extract_merrybet
    home_team, away_team = split_team_names(gamename)
    ^^^^^^^^^^^^^^^^^^^^
ValueError: too many values to unpack (expected 2)
2023-12-26 00:18:39,696 - INFO - Successfully Scraped and Saved merrybet icehockey
2023-12-26 00:18:41,816 - INFO - Successfully Scraped and Saved merrybet esoccer
2023-12-26 00:18:41,816 - INFO - SUCCESSFULLY SCRAPED merrybet
2023-12-26 00:18:42,340 - INFO - Scraping Angola soccer
2023-12-26 00:18:42,855 - INFO - Scraping Argentina soccer
2023-12-26 00:18:43,324 - INFO - Scraping Argentina soccer
2023-12-26 00:18:43,638 - INFO - Scraping Argentina soccer
2023-12-26 00:18:44,112 - INFO - Scraping Argentina soccer
2023-12-26 00:18:44,621 - INFO - Scraping Asia soccer
2023-12-26 00:18:45,129 - INFO - Scraping Asia soccer
2023-12-26 00:18:48,318 - INFO - Scraping Australia soccer
2023-12-26 00:18:51,335 - INFO - Scraping Australia soccer
2023-12-26 00:18:52,566 - INFO - Scraping Azerbaijan soccer
2023-12-26 00:18:53,062 - INFO - Scraping Azerbaijan soccer
2023-12-26 00:18:53,564 - INFO - Scraping Chile soccer
2023-12-26 00:18:54,079 - INFO - Scraping Colombia soccer
2023-12-26 00:18:54,567 - INFO - Scraping Croatia soccer
2023-12-26 00:18:54,983 - INFO - Scraping Czech Republic soccer
2023-12-26 00:18:56,046 - INFO - Scraping Denmark soccer
2023-12-26 00:19:05,041 - INFO - Scraping England soccer
2023-12-26 00:19:14,088 - INFO - Scraping England soccer
2023-12-26 00:19:20,011 - INFO - Scraping England soccer
2023-12-26 00:19:21,470 - INFO - Scraping England soccer
2023-12-26 00:19:22,008 - INFO - Scraping England soccer
2023-12-26 00:19:27,324 - INFO - Scraping England soccer
2023-12-26 00:19:34,119 - INFO - Scraping England soccer
2023-12-26 00:19:40,486 - INFO - Scraping England soccer
2023-12-26 00:19:46,995 - INFO - Scraping England soccer
2023-12-26 00:19:55,267 - INFO - Scraping England soccer
2023-12-26 00:20:00,660 - INFO - Scraping England soccer
2023-12-26 00:20:04,158 - INFO - Scraping Europe soccer
2023-12-26 00:20:08,625 - INFO - Scraping Europe soccer
2023-12-26 00:20:09,171 - INFO - Scraping Europe soccer
2023-12-26 00:20:09,670 - INFO - Scraping Europe soccer
2023-12-26 00:20:10,198 - INFO - Scraping France soccer
2023-12-26 00:20:15,118 - INFO - Scraping France soccer
2023-12-26 00:20:19,157 - INFO - Scraping France soccer
2023-12-26 00:20:19,692 - INFO - Scraping Germany soccer
2023-12-26 00:20:23,858 - INFO - Scraping Germany soccer
2023-12-26 00:20:24,375 - INFO - Scraping Germany soccer
2023-12-26 00:20:24,877 - INFO - Scraping Germany soccer
2023-12-26 00:20:25,426 - INFO - Scraping Germany soccer
2023-12-26 00:20:25,858 - INFO - Scraping Germany soccer
2023-12-26 00:20:26,329 - INFO - Scraping Germany soccer
2023-12-26 00:20:26,855 - INFO - Scraping India soccer
2023-12-26 00:20:29,318 - INFO - Scraping India soccer
2023-12-26 00:20:29,851 - INFO - Scraping Indonesia soccer
2023-12-26 00:20:33,981 - INFO - Scraping Ireland soccer
2023-12-26 00:20:34,483 - INFO - Scraping Israel soccer
2023-12-26 00:20:36,089 - INFO - Scraping Israel soccer
2023-12-26 00:20:36,952 - INFO - Scraping Israel soccer
2023-12-26 00:20:41,801 - INFO - Scraping Italy soccer
2023-12-26 00:20:46,548 - INFO - Scraping Italy soccer
2023-12-26 00:20:47,048 - INFO - Scraping Italy soccer
2023-12-26 00:20:47,357 - INFO - Scraping Japan soccer
2023-12-26 00:20:49,000 - INFO - Scraping Japan soccer
2023-12-26 00:20:49,502 - INFO - Scraping Jordan soccer
2023-12-26 00:20:50,041 - INFO - Scraping Jordan soccer
2023-12-26 00:20:54,151 - INFO - Scraping Kenya soccer
2023-12-26 00:20:54,636 - INFO - Scraping Malta soccer
2023-12-26 00:20:55,138 - INFO - Scraping Morocco soccer
2023-12-26 00:20:55,689 - INFO - Scraping Netherlands soccer
2023-12-26 00:20:56,173 - INFO - Scraping Netherlands soccer
2023-12-26 00:20:56,670 - INFO - Scraping Netherlands soccer
2023-12-26 00:20:57,156 - INFO - Scraping Nigeria soccer
2023-12-26 00:20:57,663 - INFO - Scraping Poland  soccer
2023-12-26 00:20:58,166 - INFO - Scraping Poland  soccer
2023-12-26 00:20:59,793 - INFO - Scraping Poland  soccer
2023-12-26 00:21:02,752 - INFO - Scraping Portugal soccer
2023-12-26 00:21:05,860 - INFO - Scraping Portugal soccer
2023-12-26 00:21:06,366 - INFO - Scraping Qatar soccer
2023-12-26 00:21:06,850 - INFO - Scraping Romania soccer
2023-12-26 00:21:07,378 - INFO - Scraping Rwanda soccer
2023-12-26 00:21:07,883 - INFO - Scraping Saudi Arabia soccer
2023-12-26 00:21:10,540 - INFO - Scraping Saudi Arabia soccer
2023-12-26 00:21:13,711 - INFO - Scraping Scotland  soccer
2023-12-26 00:21:14,229 - INFO - Scraping Scotland  soccer
2023-12-26 00:21:16,986 - INFO - Scraping Scotland  soccer
2023-12-26 00:21:19,412 - INFO - Scraping Scotland  soccer
2023-12-26 00:21:22,107 - INFO - Scraping Scotland  soccer
2023-12-26 00:21:22,626 - INFO - Scraping Slovakia soccer
2023-12-26 00:21:23,131 - INFO - Scraping Slovenia soccer
2023-12-26 00:21:26,166 - INFO - Scraping South Africa soccer
2023-12-26 00:21:26,661 - INFO - Scraping South Africa soccer
2023-12-26 00:21:30,706 - INFO - Scraping Spain  soccer
2023-12-26 00:21:31,205 - INFO - Scraping Spain  soccer
2023-12-26 00:21:31,776 - INFO - Scraping Spain  soccer
2023-12-26 00:21:32,323 - INFO - Scraping Spain  soccer
2023-12-26 00:21:32,760 - INFO - Scraping Switzerland soccer
2023-12-26 00:21:33,292 - INFO - Scraping Switzerland soccer
2023-12-26 00:21:36,925 - INFO - Scraping Thailand soccer
2023-12-26 00:21:41,295 - INFO - Scraping Tunisia soccer
2023-12-26 00:21:41,812 - INFO - Scraping Uganda soccer
2023-12-26 00:21:42,313 - INFO - Scraping Uruguay soccer
2023-12-26 00:21:42,799 - INFO - Scraping Wales soccer
2023-12-26 00:21:46,024 - INFO - Scraping Wales soccer
2023-12-26 00:21:46,722 - INFO - Successfully Scraped and Saved nairabet football
2023-12-26 00:21:47,226 - INFO - Scraping Argentina basketball
2023-12-26 00:21:47,727 - INFO - Scraping Argentina basketball
2023-12-26 00:21:49,152 - INFO - Scraping Australia basketball
2023-12-26 00:21:49,963 - INFO - Scraping Australia basketball
2023-12-26 00:21:53,237 - INFO - Scraping Brazil basketball
2023-12-26 00:21:54,347 - INFO - Scraping China basketball
2023-12-26 00:21:54,787 - INFO - Scraping Croatia basketball
2023-12-26 00:21:55,326 - INFO - Scraping Czech Republic basketball
2023-12-26 00:21:56,825 - INFO - Scraping Denmark basketball
2023-12-26 00:22:00,152 - INFO - Scraping Europe basketball
2023-12-26 00:22:04,043 - INFO - Scraping Europe basketball
2023-12-26 00:22:04,578 - INFO - Scraping Europe basketball
2023-12-26 00:22:05,146 - INFO - Scraping Europe basketball
2023-12-26 00:22:05,686 - INFO - Scraping Europe basketball
2023-12-26 00:22:07,843 - INFO - Scraping Finland basketball
2023-12-26 00:22:11,114 - INFO - Scraping Germany basketball
2023-12-26 00:22:14,779 - INFO - Scraping Greece basketball
2023-12-26 00:22:15,306 - INFO - Scraping Iceland basketball
2023-12-26 00:22:16,852 - INFO - Scraping Israel basketball
2023-12-26 00:22:17,306 - INFO - Scraping Japan basketball
2023-12-26 00:22:17,824 - INFO - Scraping Korea, Republic of basketball
2023-12-26 00:22:18,625 - INFO - Scraping Latvia basketball
2023-12-26 00:22:19,111 - INFO - Scraping Mexico basketball
2023-12-26 00:22:19,597 - INFO - Scraping Norway basketball
2023-12-26 00:22:20,081 - INFO - Scraping Poland  basketball
2023-12-26 00:22:21,651 - INFO - Scraping Poland  basketball
2023-12-26 00:22:22,955 - INFO - Scraping Qatar basketball
2023-12-26 00:22:24,054 - INFO - Scraping Serbia basketball
2023-12-26 00:22:24,538 - INFO - Scraping Slovenia basketball
2023-12-26 00:22:24,962 - INFO - Scraping Spain  basketball
2023-12-26 00:22:26,796 - INFO - Scraping Sweden  basketball
2023-12-26 00:22:27,336 - INFO - Scraping Turkey basketball
2023-12-26 00:22:28,624 - INFO - Scraping United Kingdom basketball
2023-12-26 00:22:29,964 - INFO - Scraping United States basketball
2023-12-26 00:22:30,504 - INFO - Scraping United States basketball
2023-12-26 00:22:31,062 - INFO - Scraping Uruguay basketball
2023-12-26 00:22:31,172 - INFO - Successfully Scraped and Saved nairabet basketball
2023-12-26 00:22:31,931 - INFO - Scraping Europe volleyball
2023-12-26 00:22:32,462 - INFO - Scraping Europe volleyball
2023-12-26 00:22:32,967 - INFO - Scraping Europe volleyball
2023-12-26 00:22:33,463 - INFO - Scraping Germany volleyball
2023-12-26 00:22:34,033 - INFO - Scraping Italy volleyball
2023-12-26 00:22:34,733 - INFO - Scraping Poland  volleyball
2023-12-26 00:22:34,733 - INFO - Successfully Scraped and Saved nairabet volleyball
2023-12-26 00:22:35,293 - INFO - Scraping France tennis
2023-12-26 00:22:35,773 - INFO - Scraping France tennis
2023-12-26 00:22:36,257 - INFO - Scraping France tennis
2023-12-26 00:22:36,766 - INFO - Scraping Tunisia tennis
2023-12-26 00:22:36,770 - INFO - Successfully Scraped and Saved nairabet tennis
2023-12-26 00:22:44,852 - INFO - Scraping World darts
2023-12-26 00:22:45,371 - INFO - Scraping World darts
2023-12-26 00:22:45,384 - INFO - Successfully Scraped and Saved nairabet darts
2023-12-26 00:22:48,805 - INFO - Scraping Australia ice_hockey
2023-12-26 00:22:52,025 - INFO - Scraping Austria ice_hockey
2023-12-26 00:22:55,011 - INFO - Scraping Czech Republic ice_hockey
2023-12-26 00:22:55,494 - INFO - Scraping Denmark ice_hockey
2023-12-26 00:22:56,034 - INFO - Scraping Europe ice_hockey
2023-12-26 00:22:56,529 - INFO - Scraping Europe ice_hockey
2023-12-26 00:22:57,016 - INFO - Scraping Europe ice_hockey
2023-12-26 00:22:57,528 - INFO - Scraping Finland ice_hockey
2023-12-26 00:23:00,921 - INFO - Scraping Germany ice_hockey
2023-12-26 00:23:01,424 - INFO - Scraping Kazakhstan ice_hockey
2023-12-26 00:23:01,994 - INFO - Scraping Norway ice_hockey
2023-12-26 00:23:05,386 - INFO - Scraping Sweden  ice_hockey
2023-12-26 00:23:05,883 - INFO - Scraping Sweden  ice_hockey
2023-12-26 00:23:12,206 - INFO - Scraping United States ice_hockey
2023-12-26 00:23:12,225 - INFO - Successfully Scraped and Saved nairabet icehockey
2023-12-26 00:23:12,225 - INFO - SUCCESSFULLY SCRAPED nairabet
2023-12-26 00:23:21,901 - INFO - Scraped Premier League
2023-12-26 00:23:31,291 - INFO - Scraped FA Cup
2023-12-26 00:23:33,917 - INFO - Scraped League Cup
2023-12-26 00:23:43,992 - INFO - Scraped Championship
2023-12-26 00:23:53,669 - INFO - Scraped League One
2023-12-26 00:24:03,201 - INFO - Scraped League Two
2023-12-26 00:24:08,035 - INFO - Scraped DFB Pokal
2023-12-26 00:24:17,864 - INFO - Scraped Bundesliga
2023-12-26 00:24:24,276 - INFO - Scraped 2. Bundesliga
2023-12-26 00:24:34,213 - INFO - Scraped Premier League
2023-12-26 00:24:43,835 - INFO - Scraped Serie A
2023-12-26 00:24:50,095 - INFO - Scraped Serie B
2023-12-26 00:24:53,791 - INFO - Scraped Italia
2023-12-26 00:25:03,465 - INFO - Scraped La Liga
2023-12-26 00:25:13,196 - INFO - Scraped Premier League
2023-12-26 00:25:20,000 - INFO - Scraped Segunda Division
2023-12-26 00:25:29,854 - INFO - Scraped Premier League
2023-12-26 00:25:35,351 - INFO - Scraped Ligue 1
2023-12-26 00:25:37,820 - INFO - Scraped de France
2023-12-26 00:25:43,152 - INFO - Scraped Ligue 2
2023-12-26 00:25:48,103 - INFO - Scraped Champions League
2023-12-26 00:25:53,076 - INFO - Scraped Europa League
2023-12-26 00:25:57,063 - INFO - Scraped Championship. Women
2023-12-26 00:26:03,679 - INFO - Scraped A League
2023-12-26 00:26:13,332 - INFO - Scraped Serie A
2023-12-26 00:26:20,132 - INFO - Scraped Premier League
2023-12-26 00:26:24,104 - INFO - Scraped Championship
2023-12-26 00:26:27,794 - INFO - Scraped League One
2023-12-26 00:26:31,435 - INFO - Scraped League Two
2023-12-26 00:26:37,589 - INFO - Scraped Arabia. Saudi Professional League
2023-12-26 00:26:41,230 - INFO - Scraped Arabia. Division 1
2023-12-26 00:26:50,833 - INFO - Scraped Premier League
2023-12-26 00:27:00,266 - INFO - Scraped Premier League
2023-12-26 00:27:04,634 - INFO - Scraped First Division
2023-12-26 00:27:09,432 - INFO - Scraped Premier League
2023-12-26 00:27:19,080 - INFO - Scraped Premier League
2023-12-26 00:27:28,782 - INFO - Scraped Premier League
2023-12-26 00:27:38,831 - INFO - Scraped Premier League
2023-12-26 00:27:41,298 - INFO - Scraped Cup of Nations
2023-12-26 00:27:41,514 - INFO - Successfully Scraped and Saved paripesa football
2023-12-26 00:27:48,204 - INFO - Scraped NBA
2023-12-26 00:27:57,457 - INFO - Scraped Euroleague
2023-12-26 00:28:06,914 - INFO - Scraped Euroleague
2023-12-26 00:28:09,437 - INFO - Scraped NBL
2023-12-26 00:28:11,612 - INFO - Scraped WNBL
2023-12-26 00:28:14,196 - INFO - Scraped Championship
2023-12-26 00:28:17,426 - INFO - Scraped Championship. Women
2023-12-26 00:28:26,714 - INFO - Scraped Euroleague
2023-12-26 00:28:31,201 - INFO - Scraped SuperLeague
2023-12-26 00:28:36,956 - INFO - Scraped Euroleague
2023-12-26 00:28:46,891 - INFO - Scraped Euroleague
2023-12-26 00:28:56,281 - INFO - Scraped Euroleague
2023-12-26 00:29:05,734 - INFO - Scraped Euroleague
2023-12-26 00:29:15,180 - INFO - Scraped Euroleague
2023-12-26 00:29:24,489 - INFO - Scraped Euroleague
2023-12-26 00:29:34,609 - INFO - Scraped Euroleague
2023-12-26 00:29:44,033 - INFO - Scraped Euroleague
2023-12-26 00:29:44,096 - INFO - Successfully Scraped and Saved paripesa basketball
2023-12-26 00:29:53,713 - INFO - Scraped University League
2023-12-26 00:30:02,887 - INFO - Scraped University League
2023-12-26 00:30:02,887 - INFO - Successfully Scraped and Saved paripesa volleyball
2023-12-26 00:30:11,771 - INFO - Scraped Navi Mumbai. Women. Doubles
2023-12-26 00:30:20,872 - INFO - Scraped Navi Mumbai. Women. Doubles
2023-12-26 00:30:30,143 - INFO - Scraped Navi Mumbai. Women. Doubles
2023-12-26 00:30:39,225 - INFO - Scraped Navi Mumbai. Women. Doubles
2023-12-26 00:30:48,198 - INFO - Scraped Navi Mumbai. Women. Doubles
2023-12-26 00:30:57,245 - INFO - Scraped Navi Mumbai. Women. Doubles
2023-12-26 00:31:06,347 - INFO - Scraped Navi Mumbai. Women. Doubles
2023-12-26 00:31:06,362 - INFO - Successfully Scraped and Saved paripesa tennis
2023-12-26 00:31:15,752 - INFO - Scraped World Championship
2023-12-26 00:31:24,890 - INFO - Scraped World Championship
2023-12-26 00:31:34,262 - INFO - Scraped World Championship
2023-12-26 00:31:43,271 - INFO - Scraped World Championship
2023-12-26 00:31:43,275 - INFO - Successfully Scraped and Saved paripesa darts
2023-12-26 00:31:47,498 - INFO - Scraped Republic. Chance Liga
2023-12-26 00:31:51,896 - INFO - Scraped Republic. Extraliga
2023-12-26 00:32:01,143 - INFO - Scraped NHL
2023-12-26 00:32:10,494 - INFO - Scraped NHL
2023-12-26 00:32:15,255 - INFO - Scraped Elite League
2023-12-26 00:32:24,851 - INFO - Scraped NHL
2023-12-26 00:32:29,594 - INFO - Scraped 2. Bundesliga
2023-12-26 00:32:34,026 - INFO - Scraped DEL
2023-12-26 00:32:38,404 - INFO - Scraped VHL
2023-12-26 00:32:40,588 - INFO - Scraped Hockey League
2023-12-26 00:32:43,765 - INFO - Scraped Championship. NMHL
2023-12-26 00:32:53,202 - INFO - Scraped NHL
2023-12-26 00:33:02,594 - INFO - Scraped NHL
2023-12-26 00:33:07,034 - INFO - Scraped Allsvenskan
2023-12-26 00:33:16,200 - INFO - Scraped NHL
2023-12-26 00:33:24,509 - INFO - Scraped Elitserien
2023-12-26 00:33:34,035 - INFO - Scraped NHL
2023-12-26 00:33:39,930 - INFO - Scraped AHL
2023-12-26 00:33:40,026 - INFO - Successfully Scraped and Saved paripesa icehockey
2023-12-26 00:33:42,193 - ERROR - Error getting games for GT-SPORTS, URL: https://paripesa.ng/service-api/LiveFeed/Get1x2_VZip?sports=1&champs=2635576&count=20&lng=en&gr=412&mode=4&country=132&partner=159&getEmpty=true&virtualSports=true&menuSection=1%7C9&noFilterBlockEvent=true, Error: Unexpected UTF-8 BOM (decode using utf-8-sig): line 1 column 1 (char 0)
Traceback (most recent call last):
  File "C:\Users\mofe\AppData\Local\Programs\Python\Python311\Lib\site-packages\requests\models.py", line 971, in json
    return complexjson.loads(self.text, **kwargs)
           ^^^^^^^^^^^^^^^^^^^^^^^^^^^^^^^^^^^^^^
  File "C:\Users\mofe\AppData\Local\Programs\Python\Python311\Lib\json\__init__.py", line 335, in loads
    raise JSONDecodeError("Unexpected UTF-8 BOM (decode using utf-8-sig)",
json.decoder.JSONDecodeError: Unexpected UTF-8 BOM (decode using utf-8-sig): line 1 column 1 (char 0)

During handling of the above exception, another exception occurred:

Traceback (most recent call last):
  File "C:\Users\mofe\my_projects\WagerBrain\engine\bookie_models\paripesa_model.py", line 64, in Get_games
    markets = Paripesa.get_games_market(games_id, Paripesa.headers)
              ^^^^^^^^^^^^^^^^^^^^^^^^^^^^^^^^^^^^^^^^^^^^^^^^^^^^^
  File "C:\Users\mofe\my_projects\WagerBrain\engine\bookie_models\paripesa_model.py", line 103, in get_games_market
    markets.append(response.json())
                   ^^^^^^^^^^^^^^^
  File "C:\Users\mofe\AppData\Local\Programs\Python\Python311\Lib\site-packages\requests\models.py", line 975, in json
    raise RequestsJSONDecodeError(e.msg, e.doc, e.pos)
requests.exceptions.JSONDecodeError: Unexpected UTF-8 BOM (decode using utf-8-sig): line 1 column 1 (char 0)
2023-12-26 00:33:42,226 - INFO - Successfully Scraped and Saved paripesa esoccer
2023-12-26 00:33:42,226 - INFO - SUCCESSFULLY SCRAPED paripesa
2023-12-26 00:33:43,083 - INFO - Scraped Kategoria Superiore
2023-12-26 00:33:43,810 - INFO - Scraped Girabola
2023-12-26 00:33:44,500 - INFO - Scraped Trofeo de Campeones
2023-12-26 00:33:45,207 - INFO - Scraped A-League, Women
2023-12-26 00:33:45,966 - INFO - Scraped A-League
2023-12-26 00:33:46,711 - INFO - Scraped Bundesliga
2023-12-26 00:33:47,413 - INFO - Scraped OFB Cup
2023-12-26 00:33:48,135 - INFO - Scraped 2. Liga
2023-12-26 00:33:48,859 - INFO - Scraped Premier League
2023-12-26 00:33:49,585 - INFO - Scraped Premier League
2023-12-26 00:33:50,335 - INFO - Scraped Premier League
2023-12-26 00:33:50,967 - INFO - Scraped Pro League
2023-12-26 00:33:51,670 - INFO - Scraped Beker van Belgie
2023-12-26 00:33:52,402 - INFO - Scraped Challenger Pro League
2023-12-26 00:33:53,126 - INFO - Scraped Brasileiro Serie A
2023-12-26 00:33:53,855 - INFO - Scraped Parva Liga
2023-12-26 00:33:54,560 - INFO - Scraped Cambodian Premier League
2023-12-26 00:33:55,276 - INFO - Scraped Elite One
2023-12-26 00:33:55,961 - INFO - Scraped HNL
2023-12-26 00:33:56,719 - INFO - Scraped 1st Division
2023-12-26 00:33:57,435 - INFO - Scraped 1. Liga
2023-12-26 00:33:58,152 - INFO - Scraped 2nd Division
2023-12-26 00:33:58,883 - INFO - Scraped DBU Pokalen
2023-12-26 00:33:59,623 - INFO - Scraped Superliga
2023-12-26 00:34:00,356 - INFO - Scraped Kvindeligaen, Women
2023-12-26 00:34:01,087 - INFO - Scraped 1. Division
2023-12-26 00:34:01,805 - INFO - Scraped Premier League
2023-12-26 00:34:02,523 - INFO - Scraped Primera Division, Apertura
2023-12-26 00:34:03,212 - INFO - Scraped Primera Division, Reserves, Apertura
2023-12-26 00:34:03,862 - INFO - Scraped EFL Cup
2023-12-26 00:34:04,780 - INFO - Scraped FA Cup
2023-12-26 00:34:05,517 - INFO - Scraped EFL Trophy
2023-12-26 00:34:06,319 - INFO - Scraped Premier League
2023-12-26 00:34:07,098 - INFO - Scraped Championship
2023-12-26 00:34:07,862 - INFO - Scraped National League
2023-12-26 00:34:08,656 - INFO - Scraped League One
2023-12-26 00:34:09,591 - INFO - Scraped League Two
2023-12-26 00:34:10,340 - INFO - Scraped National League North
2023-12-26 00:34:11,098 - INFO - Scraped Northern Premier League, Premier Division
2023-12-26 00:34:11,849 - INFO - Scraped Southern Football League,Premier Division Central
2023-12-26 00:34:12,598 - INFO - Scraped Southern League Premier South
2023-12-26 00:34:13,352 - INFO - Scraped National League South
2023-12-26 00:34:14,115 - INFO - Scraped Isthmian League, Pr. Div
2023-12-26 00:34:14,837 - INFO - Scraped The FA Women's Super League
2023-12-26 00:34:15,587 - INFO - Scraped Ligue 1
2023-12-26 00:34:16,305 - INFO - Scraped Coupe de France
2023-12-26 00:34:17,061 - INFO - Scraped Championnat National U19
2023-12-26 00:34:17,760 - INFO - Scraped Trophee des Champions
2023-12-26 00:34:18,642 - INFO - Scraped Ligue 2
2023-12-26 00:34:19,321 - INFO - Scraped DFB Pokal
2023-12-26 00:34:20,097 - INFO - Scraped Bundesliga
2023-12-26 00:34:20,830 - INFO - Scraped 2nd Bundesliga
2023-12-26 00:34:21,585 - INFO - Scraped 3. Liga
2023-12-26 00:34:22,318 - INFO - Scraped Premier League
2023-12-26 00:34:23,088 - INFO - Scraped Super League
2023-12-26 00:34:23,853 - INFO - Scraped Greece Cup
2023-12-26 00:34:24,706 - INFO - Scraped Liga Nacional. Apertura
2023-12-26 00:34:25,425 - INFO - Scraped Sapling Cup
2023-12-26 00:34:26,095 - INFO - Scraped NB I
2023-12-26 00:34:26,844 - INFO - Scraped Indian Super League
2023-12-26 00:34:27,804 - INFO - Scraped I-League
2023-12-26 00:34:28,587 - INFO - Scraped Africa Cup of Nations
2023-12-26 00:34:29,357 - INFO - Scraped AFC Asian Cup
2023-12-26 00:34:30,403 - INFO - Scraped Euro Cup
2023-12-26 00:34:31,297 - INFO - Scraped Ballon dor
2023-12-26 00:34:32,044 - INFO - Scraped UEFA EURO, Qualification
2023-12-26 00:34:32,834 - INFO - Scraped Copa America
2023-12-26 00:34:33,540 - INFO - Scraped WC Qual, CONMEBOL
2023-12-26 00:34:34,333 - INFO - Scraped World Cup
2023-12-26 00:34:35,093 - INFO - Scraped Int. Friendly Games
2023-12-26 00:34:35,863 - INFO - Scraped UEFA Europa League
2023-12-26 00:34:36,656 - INFO - Scraped UEFA Europa Conference League
2023-12-26 00:34:37,389 - INFO - Scraped AFC Champions League
2023-12-26 00:34:38,146 - INFO - Scraped UEFA Champions League
2023-12-26 00:34:38,837 - INFO - Scraped UEFA Champions League Women
2023-12-26 00:34:39,785 - INFO - Scraped Club Friendly Games
2023-12-26 00:34:40,534 - INFO - Scraped CAF Champions League
2023-12-26 00:34:41,271 - INFO - Scraped Pro League
2023-12-26 00:34:42,051 - INFO - Scraped Premier League
2023-12-26 00:34:42,794 - INFO - Scraped Liga Alef
2023-12-26 00:34:43,523 - INFO - Scraped Israel Cup
2023-12-26 00:34:44,228 - INFO - Scraped Coppa Italia
2023-12-26 00:34:45,003 - INFO - Scraped Serie B
2023-12-26 00:34:46,107 - INFO - Scraped Serie C, Group C
2023-12-26 00:34:46,833 - INFO - Scraped Serie C, Group B
2023-12-26 00:34:47,574 - INFO - Scraped Campionato Primavera 2
2023-12-26 00:34:48,488 - INFO - Scraped Serie A
2023-12-26 00:34:49,229 - INFO - Scraped Super Cup
2023-12-26 00:34:49,961 - INFO - Scraped Campionato Primavera 1
2023-12-26 00:34:50,725 - INFO - Scraped Serie C, Group A
2023-12-26 00:34:51,426 - INFO - Scraped Coppa Italia Serie D
2023-12-26 00:34:52,243 - INFO - Scraped We League, Women
2023-12-26 00:34:52,982 - INFO - Scraped Ligue 1
2023-12-26 00:34:53,708 - INFO - Scraped Liga MX, Clausura
2023-12-26 00:34:54,415 - INFO - Scraped Botola Pro D1
2023-12-26 00:34:55,156 - INFO - Scraped Eredivisie
2023-12-26 00:34:55,879 - INFO - Scraped Eerste Divisie
2023-12-26 00:34:56,598 - INFO - Scraped Primera Division
2023-12-26 00:34:57,440 - INFO - Scraped Championship
2023-12-26 00:34:58,109 - INFO - Scraped Premiership
2023-12-26 00:34:58,817 - INFO - Scraped Ekstraklasa
2023-12-26 00:34:59,517 - INFO - Scraped League Cup
2023-12-26 00:35:00,285 - INFO - Scraped Liga Portugal 2
2023-12-26 00:35:01,031 - INFO - Scraped U19 Campeonato Nacional
2023-12-26 00:35:01,828 - INFO - Scraped Liga Portugal
2023-12-26 00:35:02,550 - INFO - Scraped U23 Liga Revelacao
2023-12-26 00:35:03,231 - INFO - Scraped 2nd Division
2023-12-26 00:35:03,948 - INFO - Scraped Liga 2
2023-12-26 00:35:04,666 - INFO - Scraped Premier League
2023-12-26 00:35:05,449 - INFO - Scraped 1. Liga
2023-12-26 00:35:06,195 - INFO - Scraped Saudi Pro League
2023-12-26 00:35:06,923 - INFO - Scraped League 1
2023-12-26 00:35:07,623 - INFO - Scraped Scottish Cup
2023-12-26 00:35:08,379 - INFO - Scraped Premiership
2023-12-26 00:35:09,124 - INFO - Scraped League 2
2023-12-26 00:35:09,868 - INFO - Scraped Championship
2023-12-26 00:35:10,562 - INFO - Scraped Premier League
2023-12-26 00:35:11,302 - INFO - Scraped Superliga
2023-12-26 00:35:12,034 - INFO - Scraped PrvaLiga
2023-12-26 00:35:12,736 - INFO - Scraped Premiership
2023-12-26 00:35:13,423 - INFO - Scraped Supercopa
2023-12-26 00:35:14,309 - INFO - Scraped LaLiga
2023-12-26 00:35:14,942 - INFO - Scraped Copa del Rey
2023-12-26 00:35:15,690 - INFO - Scraped Tercera Federacion, Group 9
2023-12-26 00:35:16,398 - INFO - Scraped Tercera Federacion, Group 11
2023-12-26 00:35:17,419 - INFO - Scraped Tercera Federacion, Group 10
2023-12-26 00:35:18,133 - INFO - Scraped Allsvenskan
2023-12-26 00:35:18,781 - INFO - Scraped Super League
2023-12-26 00:35:19,499 - INFO - Scraped Premier League
2023-12-26 00:35:20,254 - INFO - Scraped Premier League
2023-12-26 00:35:20,971 - INFO - Scraped Thai League 2
2023-12-26 00:35:21,779 - INFO - Scraped Thai League 1
2023-12-26 00:35:22,574 - INFO - Scraped Super Lig
2023-12-26 00:35:23,430 - INFO - Scraped 1. Lig
2023-12-26 00:35:24,131 - INFO - Scraped Super Kupa
2023-12-26 00:35:24,845 - INFO - Scraped 2. Lig
2023-12-26 00:35:25,535 - INFO - Scraped Premier League
2023-12-26 00:35:26,220 - INFO - Scraped Arabian Gulf League
2023-12-26 00:35:26,937 - INFO - Scraped Division 1
2023-12-26 00:35:27,970 - INFO - Scraped V-League 1
2023-12-26 00:35:28,657 - INFO - Scraped V-League 2
2023-12-26 00:35:29,421 - INFO - Scraped Cymru Premier
2023-12-26 00:35:30,129 - INFO - Scraped Cymru Championship South
2023-12-26 00:35:31,147 - INFO - Scraped Super League
2023-12-26 00:35:31,379 - INFO - Successfully Scraped and Saved sportybet football
2023-12-26 00:35:32,088 - INFO - Scraped WNBL
2023-12-26 00:35:32,890 - INFO - Scraped NBL
2023-12-26 00:35:33,568 - INFO - Scraped Superliga
2023-12-26 00:35:34,538 - INFO - Scraped Premier League
2023-12-26 00:35:35,201 - INFO - Scraped 1st Division
2023-12-26 00:35:36,218 - INFO - Scraped NBB
2023-12-26 00:35:36,902 - INFO - Scraped NBL
2023-12-26 00:35:37,609 - INFO - Scraped CBA
2023-12-26 00:35:38,305 - INFO - Scraped WCBA
2023-12-26 00:35:38,945 - INFO - Scraped Croatian Cup
2023-12-26 00:35:39,625 - INFO - Scraped BBL
2023-12-26 00:35:40,295 - INFO - Scraped Pro A
2023-12-26 00:35:40,996 - INFO - Scraped Nationale 1
2023-12-26 00:35:41,915 - INFO - Scraped Pro B
2023-12-26 00:35:42,602 - INFO - Scraped Pro A
2023-12-26 00:35:43,257 - INFO - Scraped 1. DBBL
2023-12-26 00:35:43,955 - INFO - Scraped BBL
2023-12-26 00:35:44,623 - INFO - Scraped Elite League
2023-12-26 00:35:45,293 - INFO - Scraped Basket League
2023-12-26 00:35:45,942 - INFO - Scraped United League
2023-12-26 00:35:46,602 - INFO - Scraped Estonian-Latvian League
2023-12-26 00:35:47,283 - INFO - Scraped Liga ABA
2023-12-26 00:35:47,947 - INFO - Scraped Champions League
2023-12-26 00:35:48,803 - INFO - Scraped Eurocup
2023-12-26 00:35:49,473 - INFO - Scraped Super League
2023-12-26 00:35:50,152 - INFO - Scraped Serie B
2023-12-26 00:35:50,832 - INFO - Scraped Serie A
2023-12-26 00:35:51,494 - INFO - Scraped Serie A2
2023-12-26 00:35:52,158 - INFO - Scraped A1 Women
2023-12-26 00:35:52,828 - INFO - Scraped A2, Women
2023-12-26 00:35:53,515 - INFO - Scraped B2 League
2023-12-26 00:35:54,212 - INFO - Scraped B1 League
2023-12-26 00:35:54,886 - INFO - Scraped W League
2023-12-26 00:35:55,618 - INFO - Scraped First Division
2023-12-26 00:35:56,306 - INFO - Scraped NKL
2023-12-26 00:35:56,970 - INFO - Scraped LKL
2023-12-26 00:35:57,640 - INFO - Scraped BNXT Dutch League
2023-12-26 00:35:58,273 - INFO - Scraped First League
2023-12-26 00:35:58,896 - INFO - Scraped PBA, Commissioner Cup
2023-12-26 00:35:59,594 - INFO - Scraped Basket Liga, Women
2023-12-26 00:36:00,245 - INFO - Scraped 1. Liga
2023-12-26 00:36:00,932 - INFO - Scraped PLK
2023-12-26 00:36:01,588 - INFO - Scraped LPB
2023-12-26 00:36:02,250 - INFO - Scraped QBL
2023-12-26 00:36:02,944 - INFO - Scraped KBL
2023-12-26 00:36:03,616 - INFO - Scraped WKBL
2023-12-26 00:36:04,339 - INFO - Scraped Liga Nationala
2023-12-26 00:36:04,972 - INFO - Scraped Sbl
2023-12-26 00:36:05,625 - INFO - Scraped KLS
2023-12-26 00:36:06,274 - INFO - Scraped Extraliga
2023-12-26 00:36:06,961 - INFO - Scraped 1. A SKL
2023-12-26 00:36:07,632 - INFO - Scraped Liga Femenina
2023-12-26 00:36:08,312 - INFO - Scraped Liga ACB
2023-12-26 00:36:09,013 - INFO - Scraped Super Lig, Women
2023-12-26 00:36:09,684 - INFO - Scraped TB2L
2023-12-26 00:36:10,339 - INFO - Scraped Super Lig
2023-12-26 00:36:10,987 - INFO - Scraped 1. Lig
2023-12-26 00:36:12,290 - INFO - Scraped NCAA, Regular Season
2023-12-26 00:36:12,961 - INFO - Scraped WNBA
2023-12-26 00:36:13,745 - INFO - Scraped NBA
2023-12-26 00:36:14,622 - INFO - Scraped NCAA Women, Regular Season
2023-12-26 00:36:14,695 - INFO - Successfully Scraped and Saved sportybet basketball
2023-12-26 00:36:15,372 - INFO - Scraped Superliga
2023-12-26 00:36:16,014 - INFO - Scraped China Volleyball League
2023-12-26 00:36:16,702 - INFO - Scraped China National Volleyball Championship, Women
2023-12-26 00:36:17,386 - INFO - Scraped Ligue A Women
2023-12-26 00:36:18,049 - INFO - Scraped 1st Bundesliga
2023-12-26 00:36:18,704 - INFO - Scraped 1st Bundesliga Women
2023-12-26 00:36:19,359 - INFO - Scraped Volley League, Women
2023-12-26 00:36:20,007 - INFO - Scraped A1
2023-12-26 00:36:20,879 - INFO - Scraped Extraliga, Women
2023-12-26 00:36:21,564 - INFO - Scraped SuperLega
2023-12-26 00:36:22,266 - INFO - Scraped Serie A1 Women
2023-12-26 00:36:22,951 - INFO - Scraped Serie A2, Women
2023-12-26 00:36:23,616 - INFO - Scraped V League
2023-12-26 00:36:24,286 - INFO - Scraped V League, Women
2023-12-26 00:36:24,929 - INFO - Scraped 1. Liga
2023-12-26 00:36:25,573 - INFO - Scraped Liga Siatkowki, Women
2023-12-26 00:36:26,223 - INFO - Scraped Liga Siatkowki
2023-12-26 00:36:26,880 - INFO - Scraped V League, Women
2023-12-26 00:36:27,707 - INFO - Scraped V League
2023-12-26 00:36:28,380 - INFO - Scraped Division A1
2023-12-26 00:36:29,035 - INFO - Scraped Pro League
2023-12-26 00:36:29,694 - INFO - Scraped Superliga
2023-12-26 00:36:30,657 - INFO - Scraped Superliga, Women
2023-12-26 00:36:31,314 - INFO - Scraped 1. DOL
2023-12-26 00:36:31,961 - INFO - Scraped Efeler Ligi
2023-12-26 00:36:31,977 - INFO - Successfully Scraped and Saved sportybet volleyball
2023-12-26 00:36:32,645 - INFO - Scraped Australian Open Men Singles
2023-12-26 00:36:33,315 - INFO - Scraped French Open Men Singles
2023-12-26 00:36:34,233 - INFO - Scraped US Open Men Singles
2023-12-26 00:36:34,887 - INFO - Scraped Wimbledon Men Singles
2023-12-26 00:36:35,551 - INFO - Scraped UTR Melbourne
2023-12-26 00:36:36,222 - INFO - Scraped UTR Melbourne Women
2023-12-26 00:36:36,890 - INFO - Scraped UTR Czech Republic Women
2023-12-26 00:36:37,541 - INFO - Scraped Exhibition Games
2023-12-26 00:36:38,205 - INFO - Scraped Exhibition Games, Women
2023-12-26 00:36:38,829 - INFO - Scraped ITF Japan F7, Men Singles
2023-12-26 00:36:39,492 - INFO - Scraped ITF Tunisia F61 Men Singles
2023-12-26 00:36:40,132 - INFO - Scraped ITF Turkiye F29, Men Singles
2023-12-26 00:36:40,802 - INFO - Scraped ITF Japan F7, Men Doubles
2023-12-26 00:36:41,437 - INFO - Scraped ITF Tunisia F61 Men Doubles
2023-12-26 00:36:42,098 - INFO - Scraped ITF Turkiye F29, Men Doubles
2023-12-26 00:36:42,738 - INFO - Scraped ITF India 10A, Women Singles
2023-12-26 00:36:43,398 - INFO - Scraped ITF Kenya 02A, Women Singles
2023-12-26 00:36:44,080 - INFO - Scraped ITF Tunisia 53A, Women Singles
2023-12-26 00:36:44,727 - INFO - Scraped ITF Turkiye 30A, Women Singles
2023-12-26 00:36:45,375 - INFO - Scraped ITF Turkiye 30A, Women Doubles
2023-12-26 00:36:46,010 - INFO - Scraped ITF India 10A, Women Doubles
2023-12-26 00:36:46,679 - INFO - Scraped ITF Tunisia 53A, Women Doubles
2023-12-26 00:36:47,381 - INFO - Scraped UTR Taiwan
2023-12-26 00:36:48,086 - INFO - Scraped United Cup
2023-12-26 00:36:48,722 - INFO - Scraped UTR Newport Beach
2023-12-26 00:36:49,408 - INFO - Scraped UTR Boca Raton Women
2023-12-26 00:36:50,056 - INFO - Scraped Australian Open Women Singles
2023-12-26 00:36:50,698 - INFO - Scraped French Open Women Singles
2023-12-26 00:36:51,369 - INFO - Scraped US Open Women Singles
2023-12-26 00:36:52,041 - INFO - Scraped Wimbledon Women Singles
2023-12-26 00:36:52,746 - INFO - Scraped Grand Slam
2023-12-26 00:36:52,749 - INFO - Successfully Scraped and Saved sportybet tennis
2023-12-26 00:36:53,431 - INFO - Scraped PDC World Championship
2023-12-26 00:36:53,441 - INFO - Successfully Scraped and Saved sportybet darts
2023-12-26 00:36:54,148 - INFO - Scraped ICE Hockey League
2023-12-26 00:36:54,917 - INFO - Scraped Extraliga
2023-12-26 00:36:55,597 - INFO - Scraped 1. Liga
2023-12-26 00:36:56,318 - INFO - Scraped Elite League
2023-12-26 00:36:57,036 - INFO - Scraped Liiga
2023-12-26 00:36:57,717 - INFO - Scraped Mestis
2023-12-26 00:36:58,415 - INFO - Scraped DEL
2023-12-26 00:36:59,118 - INFO - Scraped Alps Hockey League
2023-12-26 00:36:59,801 - INFO - Scraped Spengler Cup
2023-12-26 00:37:00,502 - INFO - Scraped U20 World Championship
2023-12-26 00:37:01,171 - INFO - Scraped Asia League
2023-12-26 00:37:01,840 - INFO - Scraped Pro Hockey League
2023-12-26 00:37:02,540 - INFO - Scraped Latvian Hockey League
2023-12-26 00:37:03,263 - INFO - Scraped VHL
2023-12-26 00:37:03,975 - INFO - Scraped MHL
2023-12-26 00:37:05,062 - INFO - Scraped KHL
2023-12-26 00:37:05,763 - INFO - Scraped SHL
2023-12-26 00:37:06,464 - INFO - Scraped Allsvenskan
2023-12-26 00:37:07,150 - INFO - Scraped Swiss League
2023-12-26 00:37:07,812 - INFO - Scraped National League
2023-12-26 00:37:08,548 - INFO - Scraped AHL
2023-12-26 00:37:09,295 - INFO - Scraped ECHL
2023-12-26 00:37:10,051 - INFO - Scraped NHL
2023-12-26 00:37:10,082 - INFO - Successfully Scraped and Saved sportybet icehockey
2023-12-26 00:37:10,082 - INFO - SUCCESSFULLY SCRAPED sportybet
2023-12-26 00:37:19,736 - INFO - Scraped Premier League
2023-12-26 00:37:29,455 - INFO - Scraped FA Cup
2023-12-26 00:37:32,539 - INFO - Scraped League Cup
2023-12-26 00:37:42,592 - INFO - Scraped Championship
2023-12-26 00:37:52,105 - INFO - Scraped League One
2023-12-26 00:38:01,653 - INFO - Scraped League Two
2023-12-26 00:38:05,495 - INFO - Scraped DFB Pokal
2023-12-26 00:38:14,489 - INFO - Scraped Bundesliga
2023-12-26 00:38:21,002 - INFO - Scraped 2. Bundesliga
2023-12-26 00:38:30,589 - INFO - Scraped Serie A
2023-12-26 00:38:40,348 - INFO - Scraped Serie A
2023-12-26 00:38:47,016 - INFO - Scraped Serie B
2023-12-26 00:38:51,111 - INFO - Scraped Italia
2023-12-26 00:39:00,442 - INFO - Scraped La Liga
2023-12-26 00:39:09,908 - INFO - Scraped Serie A
2023-12-26 00:39:16,826 - INFO - Scraped Segunda Division
2023-12-26 00:39:26,355 - INFO - Scraped Serie A
2023-12-26 00:39:32,004 - INFO - Scraped Ligue 1
2023-12-26 00:39:35,145 - INFO - Scraped de France
2023-12-26 00:39:40,489 - INFO - Scraped Ligue 2
2023-12-26 00:39:45,675 - INFO - Scraped Champions League
2023-12-26 00:39:50,791 - INFO - Scraped Europa League
2023-12-26 00:39:55,181 - INFO - Scraped Championship. Women
2023-12-26 00:40:02,157 - INFO - Scraped A League
2023-12-26 00:40:11,678 - INFO - Scraped Serie A
2023-12-26 00:40:18,571 - INFO - Scraped Premier League
2023-12-26 00:40:22,732 - INFO - Scraped Championship
2023-12-26 00:40:27,009 - INFO - Scraped League One
2023-12-26 00:40:31,310 - INFO - Scraped League Two
2023-12-26 00:40:37,588 - INFO - Scraped Arabia. Saudi Professional League
2023-12-26 00:40:41,538 - INFO - Scraped Arabia. Division 1
2023-12-26 00:40:52,334 - INFO - Scraped Serie A
2023-12-26 00:41:02,166 - INFO - Scraped Serie A
2023-12-26 00:41:07,008 - INFO - Scraped First Division
2023-12-26 00:41:12,034 - INFO - Scraped Premier League
2023-12-26 00:41:21,818 - INFO - Scraped Serie A
2023-12-26 00:41:31,514 - INFO - Scraped Serie A
2023-12-26 00:41:41,791 - INFO - Scraped Serie A
2023-12-26 00:41:44,468 - INFO - Scraped Cup of Nations
2023-12-26 00:41:44,806 - INFO - Successfully Scraped and Saved 1xbet football
2023-12-26 00:41:51,671 - INFO - Scraped NBA
2023-12-26 00:42:01,343 - INFO - Scraped Euroleague
2023-12-26 00:42:11,013 - INFO - Scraped Euroleague
2023-12-26 00:42:13,986 - INFO - Scraped NBL
2023-12-26 00:42:16,640 - INFO - Scraped WNBL
2023-12-26 00:42:19,653 - INFO - Scraped Championship
2023-12-26 00:42:23,366 - INFO - Scraped Championship. Women
2023-12-26 00:42:33,112 - INFO - Scraped Euroleague
2023-12-26 00:42:37,770 - INFO - Scraped SuperLeague
2023-12-26 00:42:43,297 - INFO - Scraped Euroleague
2023-12-26 00:42:52,909 - INFO - Scraped Euroleague
2023-12-26 00:43:02,239 - INFO - Scraped Euroleague
2023-12-26 00:43:11,401 - INFO - Scraped Euroleague
2023-12-26 00:43:20,757 - INFO - Scraped Euroleague
2023-12-26 00:43:30,475 - INFO - Scraped Euroleague
2023-12-26 00:43:40,121 - INFO - Scraped Euroleague
2023-12-26 00:43:49,818 - INFO - Scraped Euroleague
2023-12-26 00:43:49,887 - INFO - Successfully Scraped and Saved 1xbet basketball
2023-12-26 00:43:59,032 - INFO - Scraped University League
2023-12-26 00:44:08,413 - INFO - Scraped University League
2023-12-26 00:44:08,429 - INFO - Successfully Scraped and Saved 1xbet volleyball
2023-12-26 00:44:17,572 - INFO - Scraped Navi Mumbai. Women. Doubles
2023-12-26 00:44:26,755 - INFO - Scraped Navi Mumbai. Women. Doubles
2023-12-26 00:44:36,164 - INFO - Scraped Navi Mumbai. Women. Doubles
2023-12-26 00:44:45,501 - INFO - Scraped Navi Mumbai. Women. Doubles
2023-12-26 00:44:55,057 - INFO - Scraped Navi Mumbai. Women. Doubles
2023-12-26 00:45:04,457 - INFO - Scraped Navi Mumbai. Women. Doubles
2023-12-26 00:45:13,542 - INFO - Scraped Navi Mumbai. Women. Doubles
2023-12-26 00:45:13,558 - INFO - Successfully Scraped and Saved 1xbet tennis
2023-12-26 00:45:22,752 - INFO - Scraped World Championship
2023-12-26 00:45:32,772 - INFO - Scraped World Championship
2023-12-26 00:45:42,033 - INFO - Scraped World Championship
2023-12-26 00:45:51,344 - INFO - Scraped World Championship
2023-12-26 00:45:51,347 - INFO - Successfully Scraped and Saved 1xbet darts
2023-12-26 00:45:55,717 - INFO - Scraped Republic. Chance Liga
2023-12-26 00:46:00,424 - INFO - Scraped Republic. Extraliga
2023-12-26 00:46:09,875 - INFO - Scraped NHL
2023-12-26 00:46:19,207 - INFO - Scraped NHL
2023-12-26 00:46:24,195 - INFO - Scraped Elite League
2023-12-26 00:46:33,871 - INFO - Scraped NHL
2023-12-26 00:46:38,530 - INFO - Scraped 2. Bundesliga
2023-12-26 00:46:43,217 - INFO - Scraped DEL
2023-12-26 00:46:47,561 - INFO - Scraped VHL
2023-12-26 00:46:50,199 - INFO - Scraped Hockey League
2023-12-26 00:46:53,892 - INFO - Scraped Championship. NMHL
2023-12-26 00:47:03,240 - INFO - Scraped NHL
2023-12-26 00:47:12,430 - INFO - Scraped NHL
2023-12-26 00:47:17,208 - INFO - Scraped Allsvenskan
2023-12-26 00:47:26,659 - INFO - Scraped NHL
2023-12-26 00:47:35,109 - INFO - Scraped Elitserien
2023-12-26 00:47:45,187 - INFO - Scraped NHL
2023-12-26 00:47:50,982 - INFO - Scraped AHL
2023-12-26 00:47:51,214 - INFO - Successfully Scraped and Saved 1xbet icehockey
2023-12-26 00:47:53,864 - ERROR - Error getting games for GT-SPORTS, URL: https://ng.1x001.com/service-api/LiveFeed/Get1x2_VZip?sports=1&champs=2635576&count=20&lng=en&gr=412&mode=4&country=132&partner=159&getEmpty=true&virtualSports=true&menuSection=1%7C9&noFilterBlockEvent=true, Error: Unexpected UTF-8 BOM (decode using utf-8-sig): line 1 column 1 (char 0)
Traceback (most recent call last):
  File "C:\Users\mofe\AppData\Local\Programs\Python\Python311\Lib\site-packages\requests\models.py", line 971, in json
    return complexjson.loads(self.text, **kwargs)
           ^^^^^^^^^^^^^^^^^^^^^^^^^^^^^^^^^^^^^^
  File "C:\Users\mofe\AppData\Local\Programs\Python\Python311\Lib\json\__init__.py", line 335, in loads
    raise JSONDecodeError("Unexpected UTF-8 BOM (decode using utf-8-sig)",
json.decoder.JSONDecodeError: Unexpected UTF-8 BOM (decode using utf-8-sig): line 1 column 1 (char 0)

During handling of the above exception, another exception occurred:

Traceback (most recent call last):
  File "C:\Users\mofe\my_projects\WagerBrain\engine\bookie_models\xbet_model.py", line 60, in Get_games
    markets = xbet.get_games_market(games_id, xbet.headers)
              ^^^^^^^^^^^^^^^^^^^^^^^^^^^^^^^^^^^^^^^^^^^^^
  File "C:\Users\mofe\my_projects\WagerBrain\engine\bookie_models\xbet_model.py", line 99, in get_games_market
    markets.append(response.json())
                   ^^^^^^^^^^^^^^^
  File "C:\Users\mofe\AppData\Local\Programs\Python\Python311\Lib\site-packages\requests\models.py", line 975, in json
    raise RequestsJSONDecodeError(e.msg, e.doc, e.pos)
requests.exceptions.JSONDecodeError: Unexpected UTF-8 BOM (decode using utf-8-sig): line 1 column 1 (char 0)
2023-12-26 00:47:53,902 - INFO - Successfully Scraped and Saved 1xbet esoccer
2023-12-26 00:47:53,902 - INFO - SUCCESSFULLY SCRAPED 1xbet
